<?xml version="1.0" encoding="UTF-8"?>
<robot generator="Robot 3.1.2 (Python 3.8.1 on darwin)" generated="20200331 12:43:31.386" rpa="false">
<suite id="s1" name="SearchAll" source="/Users/linhai/PycharmProjects/API/APP_SearchAll/SearchAll.robot">
<kw name="Create Session Common" library="Common" type="setup">
<kw name="Fapi Create Session" library="FATL.FapiKeywords">
<doc>Fapi Create Session: create a HTTP session to a server</doc>
<arguments>
<arg>${APPIF_ALIAS}</arg>
<arg>${APPIF_URL}</arg>
</arguments>
<msg timestamp="20200331 12:43:31.553" level="INFO">Creating Session using : alias=appif, url=https://api1.fjdaily.com/app_if, headers={'APITEST': '1'},                     cookies={}, auth=None, timeout=None, proxies=None, verify=False,                     debug=0 </msg>
<status status="PASS" starttime="20200331 12:43:31.553" endtime="20200331 12:43:31.554"></status>
</kw>
<status status="PASS" starttime="20200331 12:43:31.553" endtime="20200331 12:43:31.554"></status>
</kw>
<test id="s1-t1" name="读取首页所有栏目数据,接口返回所有栏目查询结果">
<kw name="Get SearchAll" library="SearchAll_Common">
<doc>检索某栏目及其子孙栏目的稿件接口</doc>
<arguments>
<arg>${COLUMNID}</arg>
<arg>${KEY}</arg>
<arg>${START}</arg>
<arg>${COUNT}</arg>
</arguments>
<kw name="Fapi Params Set" library="FATL.FapiKeywords">
<doc>Adds the given ``key_value_pairs`` and ``items`` to HTTP request parameters.</doc>
<arguments>
<arg>columnId</arg>
<arg>${columnid}</arg>
<arg>key</arg>
<arg>${key}</arg>
<arg>start</arg>
<arg>${start}</arg>
<arg>count</arg>
<arg>${count}</arg>
<arg>siteid</arg>
<arg>${siteid}</arg>
<arg>articleType</arg>
<arg>${articletype}</arg>
<arg>curVersions</arg>
<arg>${CURVERSIONS}</arg>
</arguments>
<status status="PASS" starttime="20200331 12:43:31.556" endtime="20200331 12:43:31.556"></status>
</kw>
<kw name="Fapi Get" library="FATL.FapiKeywords">
<doc>Send a GET request on the session object found using the
given `alias`</doc>
<arguments>
<arg>${APPIF_ALIAS}</arg>
<arg>${GETSEARCHALL_URI}</arg>
</arguments>
<msg timestamp="20200331 12:43:31.556" level="INFO">GET Request using : uri=/searchAll, params={'columnId': '1', 'key': '测试', 'start': '0', 'count': '10', 'siteid': '1', 'articleType': '-2', 'curVersions': '1'}, allow_redirects=True, timeout=None
headers={'User-Agent': 'python-requests/2.23.0', 'Accept-Encoding': 'gzip, deflate', 'Accept': '*/*', 'Connection': 'keep-alive', 'APITEST': '1'} 
data=None 
json=None</msg>
<msg timestamp="20200331 12:43:38.464" level="INFO">JSON string is : {</msg>
<msg timestamp="20200331 12:43:38.464" level="INFO">  "status": 0,</msg>
<msg timestamp="20200331 12:43:38.464" level="INFO">  "message": "success",</msg>
<msg timestamp="20200331 12:43:38.464" level="INFO">  "data": [</msg>
<msg timestamp="20200331 12:43:38.464" level="INFO">    {</msg>
<msg timestamp="20200331 12:43:38.464" level="INFO">      "fileId": 1062,</msg>
<msg timestamp="20200331 12:43:38.464" level="INFO">      "markLocked": false,</msg>
<msg timestamp="20200331 12:43:38.464" level="INFO">      "version": 1585193717000,</msg>
<msg timestamp="20200331 12:43:38.464" level="INFO">      "isRel": 0,</msg>
<msg timestamp="20200331 12:43:38.464" level="INFO">      "realPubTime": "2020-03-26 11:35:17.0",</msg>
<msg timestamp="20200331 12:43:38.464" level="INFO">      "title": "测试\\\\",</msg>
<msg timestamp="20200331 12:43:38.464" level="INFO">      "textTitle": "测试\\\\",</msg>
<msg timestamp="20200331 12:43:38.464" level="INFO">      "attAbstract": "",</msg>
<msg timestamp="20200331 12:43:38.464" level="INFO">      "textAbstract": "",</msg>
<msg timestamp="20200331 12:43:38.464" level="INFO">      "arthorID": 24,</msg>
<msg timestamp="20200331 12:43:38.464" level="INFO">      "arthorName": "",</msg>
<msg timestamp="20200331 12:43:38.464" level="INFO">      "reporter": "",</msg>
<msg timestamp="20200331 12:43:38.464" level="INFO">      "publishtime": "2020-03-26 09:14:10.0",</msg>
<msg timestamp="20200331 12:43:38.464" level="INFO">      "articleType": 0,</msg>
<msg timestamp="20200331 12:43:38.464" level="INFO">      "tag": "",</msg>
<msg timestamp="20200331 12:43:38.464" level="INFO">      "trade": "",</msg>
<msg timestamp="20200331 12:43:38.464" level="INFO">      "tradeID": "",</msg>
<msg timestamp="20200331 12:43:38.464" level="INFO">      "colName": "首页~test栏目",</msg>
<msg timestamp="20200331 12:43:38.464" level="INFO">      "columnCasName": "首页~test栏目",</msg>
<msg timestamp="20200331 12:43:38.464" level="INFO">      "colID": 77,</msg>
<msg timestamp="20200331 12:43:38.464" level="INFO">      "colIcon": "http://218.66.59.25:3083/app/resource/xy/202003/21/87129be8-439d-405b-80ac-4792fc5cd8ed.jpg",</msg>
<msg timestamp="20200331 12:43:38.464" level="INFO">      "mark": "",</msg>
<msg timestamp="20200331 12:43:38.464" level="INFO">      "source": "",</msg>
<msg timestamp="20200331 12:43:38.465" level="INFO">      "sourceUrl": "",</msg>
<msg timestamp="20200331 12:43:38.465" level="INFO">      "multimediaLink": "",</msg>
<msg timestamp="20200331 12:43:38.465" level="INFO">      "shareUrl": "https://img1.fjdaily.com/app/index/2020-03/26/content_1062.html",</msg>
<msg timestamp="20200331 12:43:38.465" level="INFO">      "url": "",</msg>
<msg timestamp="20200331 12:43:38.465" level="INFO">      "urlPad": "https://img1.fjdaily.com/app/index/2020-03/26/content_1062.html",</msg>
<msg timestamp="20200331 12:43:38.465" level="INFO">      "isBigPic": 0,</msg>
<msg timestamp="20200331 12:43:38.465" level="INFO">      "isExclusive": 0,</msg>
<msg timestamp="20200331 12:43:38.465" level="INFO">      "contentUrl": "https://api1.fjdaily.com/app_if/getArticleContent?articleId=1062",</msg>
<msg timestamp="20200331 12:43:38.465" level="INFO">      "linkID": 0,</msg>
<msg timestamp="20200331 12:43:38.465" level="INFO">      "linkType": 0,</msg>
<msg timestamp="20200331 12:43:38.465" level="INFO">      "linkName": "",</msg>
<msg timestamp="20200331 12:43:38.465" level="INFO">      "countClick": 0,</msg>
<msg timestamp="20200331 12:43:38.465" level="INFO">      "countClickInitial": 0,</msg>
<msg timestamp="20200331 12:43:38.465" level="INFO">      "countClickReal": 0,</msg>
<msg timestamp="20200331 12:43:38.465" level="INFO">      "countClickFake": 0,</msg>
<msg timestamp="20200331 12:43:38.465" level="INFO">      "countShareClick": 0,</msg>
<msg timestamp="20200331 12:43:38.465" level="INFO">      "rssID": 0,</msg>
<msg timestamp="20200331 12:43:38.465" level="INFO">      "rss": "",</msg>
<msg timestamp="20200331 12:43:38.465" level="INFO">      "rssType": 0,</msg>
<msg timestamp="20200331 12:43:38.465" level="INFO">      "discussClosed": "0",</msg>
<msg timestamp="20200331 12:43:38.465" level="INFO">      "countDiscuss": 0,</msg>
<msg timestamp="20200331 12:43:38.465" level="INFO">      "countPraise": 0,</msg>
<msg timestamp="20200331 12:43:38.465" level="INFO">      "countShare": 0,</msg>
<msg timestamp="20200331 12:43:38.465" level="INFO">      "extGroupID": 0,</msg>
<msg timestamp="20200331 12:43:38.465" level="INFO">      "picType": 1,</msg>
<msg timestamp="20200331 12:43:38.465" level="INFO">      "listType": 0,</msg>
<msg timestamp="20200331 12:43:38.465" level="INFO">      "picFullScreen": 0,</msg>
<msg timestamp="20200331 12:43:38.465" level="INFO">      "titleDisplay": 0,</msg>
<msg timestamp="20200331 12:43:38.465" level="INFO">      "pubTimeDisplay": 0,</msg>
<msg timestamp="20200331 12:43:38.465" level="INFO">      "shareClosed": 0,</msg>
<msg timestamp="20200331 12:43:38.465" level="INFO">      "shareContent": "",</msg>
<msg timestamp="20200331 12:43:38.465" level="INFO">      "shareTitle": "",</msg>
<msg timestamp="20200331 12:43:38.465" level="INFO">      "sharePicUrl": "",</msg>
<msg timestamp="20200331 12:43:38.465" level="INFO">      "customShare": 0,</msg>
<msg timestamp="20200331 12:43:38.465" level="INFO">      "listTitle": "",</msg>
<msg timestamp="20200331 12:43:38.465" level="INFO">      "praiseType": 0,</msg>
<msg timestamp="20200331 12:43:38.465" level="INFO">      "isrecommend": 0,</msg>
<msg timestamp="20200331 12:43:38.465" level="INFO">      "subTitle": "",</msg>
<msg timestamp="20200331 12:43:38.465" level="INFO">      "leadTitle": "",</msg>
<msg timestamp="20200331 12:43:38.465" level="INFO">      "picurl": "",</msg>
<msg timestamp="20200331 12:43:38.465" level="INFO">      "ext_sharepic": "",</msg>
<msg timestamp="20200331 12:43:38.465" level="INFO">      "keylist": "",</msg>
<msg timestamp="20200331 12:43:38.465" level="INFO">      "sectionids": "77",</msg>
<msg timestamp="20200331 12:43:38.465" level="INFO">      "newstype": 0,</msg>
<msg timestamp="20200331 12:43:38.465" level="INFO">      "collectcount": 0,</msg>
<msg timestamp="20200331 12:43:38.465" level="INFO">      "edittername": "黄羽",</msg>
<msg timestamp="20200331 12:43:38.466" level="INFO">      "iorder": "-17820091.3001062000",</msg>
<msg timestamp="20200331 12:43:38.466" level="INFO">      "picauthor": "",</msg>
<msg timestamp="20200331 12:43:38.466" level="INFO">      "picauthorid": "",</msg>
<msg timestamp="20200331 12:43:38.466" level="INFO">      "videoauthor": "",</msg>
<msg timestamp="20200331 12:43:38.466" level="INFO">      "videoauthorid": "",</msg>
<msg timestamp="20200331 12:43:38.466" level="INFO">      "bigPic": "",</msg>
<msg timestamp="20200331 12:43:38.466" level="INFO">      "pic_list": [</msg>
<msg timestamp="20200331 12:43:38.466" level="INFO">        "",</msg>
<msg timestamp="20200331 12:43:38.466" level="INFO">        "",</msg>
<msg timestamp="20200331 12:43:38.466" level="INFO">        ""</msg>
<msg timestamp="20200331 12:43:38.466" level="INFO">      ],</msg>
<msg timestamp="20200331 12:43:38.466" level="INFO">      "pic_list_title": [],</msg>
<msg timestamp="20200331 12:43:38.466" level="INFO">      "emojiID": "",</msg>
<msg timestamp="20200331 12:43:38.466" level="INFO">      "copyright": "0",</msg>
<msg timestamp="20200331 12:43:38.466" level="INFO">      "pic": [],</msg>
<msg timestamp="20200331 12:43:38.466" level="INFO">      "picCount": "0",</msg>
<msg timestamp="20200331 12:43:38.466" level="INFO">      "isTop": false,</msg>
<msg timestamp="20200331 12:43:38.466" level="INFO">      "position": 0</msg>
<msg timestamp="20200331 12:43:38.466" level="INFO">    },</msg>
<msg timestamp="20200331 12:43:38.466" level="INFO">    {</msg>
<msg timestamp="20200331 12:43:38.466" level="INFO">      "fileId": 747,</msg>
<msg timestamp="20200331 12:43:38.466" level="INFO">      "markLocked": false,</msg>
<msg timestamp="20200331 12:43:38.466" level="INFO">      "version": 1584948327000,</msg>
<msg timestamp="20200331 12:43:38.466" level="INFO">      "isRel": 0,</msg>
<msg timestamp="20200331 12:43:38.466" level="INFO">      "realPubTime": "2020-03-23 15:25:27.0",</msg>
<msg timestamp="20200331 12:43:38.466" level="INFO">      "title": "稿内投票",</msg>
<msg timestamp="20200331 12:43:38.466" level="INFO">      "textTitle": "稿内投票",</msg>
<msg timestamp="20200331 12:43:38.466" level="INFO">      "attAbstract": "",</msg>
<msg timestamp="20200331 12:43:38.466" level="INFO">      "textAbstract": "",</msg>
<msg timestamp="20200331 12:43:38.466" level="INFO">      "arthorID": 32,</msg>
<msg timestamp="20200331 12:43:38.466" level="INFO">      "arthorName": "",</msg>
<msg timestamp="20200331 12:43:38.466" level="INFO">      "reporter": "",</msg>
<msg timestamp="20200331 12:43:38.466" level="INFO">      "publishtime": "2020-03-19 17:30:59.0",</msg>
<msg timestamp="20200331 12:43:38.466" level="INFO">      "articleType": 0,</msg>
<msg timestamp="20200331 12:43:38.466" level="INFO">      "tag": "",</msg>
<msg timestamp="20200331 12:43:38.466" level="INFO">      "trade": "",</msg>
<msg timestamp="20200331 12:43:38.466" level="INFO">      "tradeID": "",</msg>
<msg timestamp="20200331 12:43:38.466" level="INFO">      "colName": "首页~测试1",</msg>
<msg timestamp="20200331 12:43:38.466" level="INFO">      "columnCasName": "首页~测试1",</msg>
<msg timestamp="20200331 12:43:38.466" level="INFO">      "colID": 81,</msg>
<msg timestamp="20200331 12:43:38.466" level="INFO">      "colIcon": "",</msg>
<msg timestamp="20200331 12:43:38.466" level="INFO">      "mark": "",</msg>
<msg timestamp="20200331 12:43:38.466" level="INFO">      "source": "",</msg>
<msg timestamp="20200331 12:43:38.467" level="INFO">      "sourceUrl": "",</msg>
<msg timestamp="20200331 12:43:38.467" level="INFO">      "multimediaLink": "",</msg>
<msg timestamp="20200331 12:43:38.467" level="INFO">      "shareUrl": "https://img1.fjdaily.com/app/index/2020-03/19/content_747.html",</msg>
<msg timestamp="20200331 12:43:38.467" level="INFO">      "url": "",</msg>
<msg timestamp="20200331 12:43:38.467" level="INFO">      "urlPad": "https://img1.fjdaily.com/app/index/2020-03/19/content_747.html",</msg>
<msg timestamp="20200331 12:43:38.467" level="INFO">      "isBigPic": 0,</msg>
<msg timestamp="20200331 12:43:38.467" level="INFO">      "isExclusive": 0,</msg>
<msg timestamp="20200331 12:43:38.467" level="INFO">      "contentUrl": "https://api1.fjdaily.com/app_if/getArticleContent?articleId=747",</msg>
<msg timestamp="20200331 12:43:38.467" level="INFO">      "linkID": 0,</msg>
<msg timestamp="20200331 12:43:38.467" level="INFO">      "linkType": 0,</msg>
<msg timestamp="20200331 12:43:38.467" level="INFO">      "linkName": "",</msg>
<msg timestamp="20200331 12:43:38.467" level="INFO">      "countClick": 0,</msg>
<msg timestamp="20200331 12:43:38.467" level="INFO">      "countClickInitial": 0,</msg>
<msg timestamp="20200331 12:43:38.467" level="INFO">      "countClickReal": 0,</msg>
<msg timestamp="20200331 12:43:38.467" level="INFO">      "countClickFake": 0,</msg>
<msg timestamp="20200331 12:43:38.467" level="INFO">      "countShareClick": 0,</msg>
<msg timestamp="20200331 12:43:38.467" level="INFO">      "rssID": 0,</msg>
<msg timestamp="20200331 12:43:38.467" level="INFO">      "rss": "",</msg>
<msg timestamp="20200331 12:43:38.467" level="INFO">      "rssType": 0,</msg>
<msg timestamp="20200331 12:43:38.467" level="INFO">      "discussClosed": "0",</msg>
<msg timestamp="20200331 12:43:38.467" level="INFO">      "countDiscuss": 0,</msg>
<msg timestamp="20200331 12:43:38.467" level="INFO">      "countPraise": 0,</msg>
<msg timestamp="20200331 12:43:38.467" level="INFO">      "countShare": 0,</msg>
<msg timestamp="20200331 12:43:38.467" level="INFO">      "extGroupID": 0,</msg>
<msg timestamp="20200331 12:43:38.467" level="INFO">      "picType": 1,</msg>
<msg timestamp="20200331 12:43:38.467" level="INFO">      "listType": 0,</msg>
<msg timestamp="20200331 12:43:38.467" level="INFO">      "picFullScreen": 0,</msg>
<msg timestamp="20200331 12:43:38.467" level="INFO">      "titleDisplay": 0,</msg>
<msg timestamp="20200331 12:43:38.467" level="INFO">      "pubTimeDisplay": 0,</msg>
<msg timestamp="20200331 12:43:38.467" level="INFO">      "shareClosed": 0,</msg>
<msg timestamp="20200331 12:43:38.467" level="INFO">      "shareContent": "",</msg>
<msg timestamp="20200331 12:43:38.467" level="INFO">      "shareTitle": "",</msg>
<msg timestamp="20200331 12:43:38.467" level="INFO">      "sharePicUrl": "",</msg>
<msg timestamp="20200331 12:43:38.467" level="INFO">      "customShare": 0,</msg>
<msg timestamp="20200331 12:43:38.467" level="INFO">      "listTitle": "列表标题列表标题列表标题列表标题列表标题列表标题列表标题列表标题列表标题列表标题列表标题列表标题列表标题列表标题列表标题列表标题列表标题列表标题列表标题列表标题列表标题列表标题列表标题列表标题列表标题列表标题列表标题列表标题列表标题列表标题列表标题列表标题列表标题列表标题列表标题列表标题列表标题列表标题列表标题列表标题列表标题列表标题列表标题列表标题列表标题列表标题列表标题列表标题列表标题列表标题列表标题列表标题列表标题列表标题列表标题列表标题列表标题列表标题列表标题列表标题列表标题列表标题列表",</msg>
<msg timestamp="20200331 12:43:38.467" level="INFO">      "praiseType": 0,</msg>
<msg timestamp="20200331 12:43:38.467" level="INFO">      "isrecommend": 0,</msg>
<msg timestamp="20200331 12:43:38.467" level="INFO">      "subTitle": "",</msg>
<msg timestamp="20200331 12:43:38.467" level="INFO">      "leadTitle": "",</msg>
<msg timestamp="20200331 12:43:38.467" level="INFO">      "picurl": "图片存储;xy/202003/19/t1_(13X6X600X336)d54f64fe-0844-4cb6-884a-88b1c7307e54copy.jpg",</msg>
<msg timestamp="20200331 12:43:38.467" level="INFO">      "ext_sharepic": "图片存储;xy/202003/19/t1_(13X6X600X336)d54f64fe-0844-4cb6-884a-88b1c7307e54copy.jpg",</msg>
<msg timestamp="20200331 12:43:38.467" level="INFO">      "keylist": "",</msg>
<msg timestamp="20200331 12:43:38.467" level="INFO">      "sectionids": "81",</msg>
<msg timestamp="20200331 12:43:38.467" level="INFO">      "newstype": 0,</msg>
<msg timestamp="20200331 12:43:38.467" level="INFO">      "collectcount": 0,</msg>
<msg timestamp="20200331 12:43:38.467" level="INFO">      "edittername": "尹利利",</msg>
<msg timestamp="20200331 12:43:38.467" level="INFO">      "iorder": "-17750173.0000747000",</msg>
<msg timestamp="20200331 12:43:38.467" level="INFO">      "picauthor": "",</msg>
<msg timestamp="20200331 12:43:38.468" level="INFO">      "picauthorid": "",</msg>
<msg timestamp="20200331 12:43:38.468" level="INFO">      "videoauthor": "",</msg>
<msg timestamp="20200331 12:43:38.468" level="INFO">      "videoauthorid": "",</msg>
<msg timestamp="20200331 12:43:38.468" level="INFO">      "bigPic": "图片存储;xy/202003/19/t1_(13X6X600X336)d54f64fe-0844-4cb6-884a-88b1c7307e54copy.jpg",</msg>
<msg timestamp="20200331 12:43:38.468" level="INFO">      "pic_list": [</msg>
<msg timestamp="20200331 12:43:38.468" level="INFO">        "图片存储;xy/202003/19/t1_(13X6X600X336)d54f64fe-0844-4cb6-884a-88b1c7307e54copy.jpg",</msg>
<msg timestamp="20200331 12:43:38.468" level="INFO">        "",</msg>
<msg timestamp="20200331 12:43:38.468" level="INFO">        ""</msg>
<msg timestamp="20200331 12:43:38.468" level="INFO">      ],</msg>
<msg timestamp="20200331 12:43:38.468" level="INFO">      "pic_list_title": [</msg>
<msg timestamp="20200331 12:43:38.468" level="INFO">        "https://img1.fjdaily.com/app/index/2020-03/19/t1_(13X6X600X336)d54f64fe-0844-4cb6-884a-88b1c7307e54copy.jpg"</msg>
<msg timestamp="20200331 12:43:38.468" level="INFO">      ],</msg>
<msg timestamp="20200331 12:43:38.468" level="INFO">      "emojiID": "",</msg>
<msg timestamp="20200331 12:43:38.468" level="INFO">      "copyright": "0",</msg>
<msg timestamp="20200331 12:43:38.468" level="INFO">      "picBig": "https://img1.fjdaily.com/app/index/2020-03/19/t1_(13X6X600X336)d54f64fe-0844-4cb6-884a-88b1c7307e54copy.jpg",</msg>
<msg timestamp="20200331 12:43:38.468" level="INFO">      "pic": [],</msg>
<msg timestamp="20200331 12:43:38.468" level="INFO">      "picCount": "0",</msg>
<msg timestamp="20200331 12:43:38.468" level="INFO">      "isTop": false,</msg>
<msg timestamp="20200331 12:43:38.468" level="INFO">      "position": 0</msg>
<msg timestamp="20200331 12:43:38.468" level="INFO">    },</msg>
<msg timestamp="20200331 12:43:38.468" level="INFO">    {</msg>
<msg timestamp="20200331 12:43:38.468" level="INFO">      "fileId": 282,</msg>
<msg timestamp="20200331 12:43:38.468" level="INFO">      "markLocked": false,</msg>
<msg timestamp="20200331 12:43:38.468" level="INFO">      "version": 1585220122000,</msg>
<msg timestamp="20200331 12:43:38.468" level="INFO">      "isRel": 0,</msg>
<msg timestamp="20200331 12:43:38.468" level="INFO">      "realPubTime": "2020-03-26 18:55:22.0",</msg>
<msg timestamp="20200331 12:43:38.468" level="INFO">      "title": "测试稿件-大图测试稿件-大图测试稿件-大图测试稿件-大图测试稿件-大图测试稿件-大图测试稿件-大图测试稿件-大图测试稿件-大图测试稿件-大图测试稿件-大图测试稿件-大图测试稿件-大图测试稿件-大图测试稿件-大图测试稿件-大图测试稿件-大图测试稿件-大图测试稿件-大图测试稿件-大图测试稿件-大图测试稿件-大图测试稿件-大图测试稿件-大图测试稿件-大图",</msg>
<msg timestamp="20200331 12:43:38.468" level="INFO">      "textTitle": "测试稿件-大图测试稿件-大图测试稿件-大图测试稿件-大图测试稿件-大图测试稿件-大图测试稿件-大图测试稿件-大图测试稿件-大图测试稿件-大图测试稿件-大图测试稿件-大图测试稿件-大图测试稿件-大图测试稿件-大图测试稿件-大图测试稿件-大图测试稿件-大图测试稿件-大图测试稿件-大图测试稿件-大图测试稿件-大图测试稿件-大图测试稿件-大图测试稿件-大图",</msg>
<msg timestamp="20200331 12:43:38.468" level="INFO">      "attAbstract": "",</msg>
<msg timestamp="20200331 12:43:38.468" level="INFO">      "textAbstract": "",</msg>
<msg timestamp="20200331 12:43:38.468" level="INFO">      "arthorID": 20,</msg>
<msg timestamp="20200331 12:43:38.468" level="INFO">      "arthorName": "",</msg>
<msg timestamp="20200331 12:43:38.468" level="INFO">      "reporter": "",</msg>
<msg timestamp="20200331 12:43:38.468" level="INFO">      "publishtime": "2020-03-17 10:41:38.0",</msg>
<msg timestamp="20200331 12:43:38.468" level="INFO">      "articleType": 0,</msg>
<msg timestamp="20200331 12:43:38.468" level="INFO">      "tag": "",</msg>
<msg timestamp="20200331 12:43:38.468" level="INFO">      "trade": "",</msg>
<msg timestamp="20200331 12:43:38.468" level="INFO">      "tradeID": "",</msg>
<msg timestamp="20200331 12:43:38.468" level="INFO">      "colName": "首页~头条",</msg>
<msg timestamp="20200331 12:43:38.468" level="INFO">      "columnCasName": "首页~头条",</msg>
<msg timestamp="20200331 12:43:38.468" level="INFO">      "colID": 5,</msg>
<msg timestamp="20200331 12:43:38.468" level="INFO">      "colIcon": "http://218.66.59.25:3083/app/resource/xy/202003/06/4fff70e1-1028-49b8-9c48-12637e3c7f7f.jpg",</msg>
<msg timestamp="20200331 12:43:38.469" level="INFO">      "mark": "验证角标",</msg>
<msg timestamp="20200331 12:43:38.469" level="INFO">      "source": "",</msg>
<msg timestamp="20200331 12:43:38.469" level="INFO">      "sourceUrl": "",</msg>
<msg timestamp="20200331 12:43:38.469" level="INFO">      "multimediaLink": "",</msg>
<msg timestamp="20200331 12:43:38.469" level="INFO">      "shareUrl": "https://img1.fjdaily.com/app/pad/content/content_282.html",</msg>
<msg timestamp="20200331 12:43:38.469" level="INFO">      "url": "",</msg>
<msg timestamp="20200331 12:43:38.469" level="INFO">      "urlPad": "https://img1.fjdaily.com/app/pad/content/content_282.html",</msg>
<msg timestamp="20200331 12:43:38.469" level="INFO">      "isBigPic": 1,</msg>
<msg timestamp="20200331 12:43:38.469" level="INFO">      "picRatio": "795:445",</msg>
<msg timestamp="20200331 12:43:38.469" level="INFO">      "isExclusive": 0,</msg>
<msg timestamp="20200331 12:43:38.469" level="INFO">      "contentUrl": "https://api1.fjdaily.com/app_if/getArticleContent?articleId=282",</msg>
<msg timestamp="20200331 12:43:38.469" level="INFO">      "linkID": 0,</msg>
<msg timestamp="20200331 12:43:38.469" level="INFO">      "linkType": 0,</msg>
<msg timestamp="20200331 12:43:38.469" level="INFO">      "linkName": "",</msg>
<msg timestamp="20200331 12:43:38.469" level="INFO">      "countClick": 87,</msg>
<msg timestamp="20200331 12:43:38.469" level="INFO">      "countClickInitial": 0,</msg>
<msg timestamp="20200331 12:43:38.469" level="INFO">      "countClickReal": 0,</msg>
<msg timestamp="20200331 12:43:38.469" level="INFO">      "countClickFake": 87,</msg>
<msg timestamp="20200331 12:43:38.469" level="INFO">      "countShareClick": 0,</msg>
<msg timestamp="20200331 12:43:38.469" level="INFO">      "rssID": 0,</msg>
<msg timestamp="20200331 12:43:38.469" level="INFO">      "rss": "",</msg>
<msg timestamp="20200331 12:43:38.469" level="INFO">      "rssType": 0,</msg>
<msg timestamp="20200331 12:43:38.469" level="INFO">      "discussClosed": "0",</msg>
<msg timestamp="20200331 12:43:38.469" level="INFO">      "countDiscuss": 12,</msg>
<msg timestamp="20200331 12:43:38.469" level="INFO">      "countPraise": 1,</msg>
<msg timestamp="20200331 12:43:38.469" level="INFO">      "countShare": 0,</msg>
<msg timestamp="20200331 12:43:38.469" level="INFO">      "extGroupID": 0,</msg>
<msg timestamp="20200331 12:43:38.469" level="INFO">      "picType": 2,</msg>
<msg timestamp="20200331 12:43:38.469" level="INFO">      "listType": 0,</msg>
<msg timestamp="20200331 12:43:38.469" level="INFO">      "picFullScreen": 0,</msg>
<msg timestamp="20200331 12:43:38.469" level="INFO">      "titleDisplay": 0,</msg>
<msg timestamp="20200331 12:43:38.469" level="INFO">      "pubTimeDisplay": 0,</msg>
<msg timestamp="20200331 12:43:38.469" level="INFO">      "shareClosed": 0,</msg>
<msg timestamp="20200331 12:43:38.469" level="INFO">      "shareContent": "",</msg>
<msg timestamp="20200331 12:43:38.469" level="INFO">      "shareTitle": "",</msg>
<msg timestamp="20200331 12:43:38.469" level="INFO">      "sharePicUrl": "",</msg>
<msg timestamp="20200331 12:43:38.469" level="INFO">      "customShare": 0,</msg>
<msg timestamp="20200331 12:43:38.469" level="INFO">      "listTitle": "",</msg>
<msg timestamp="20200331 12:43:38.469" level="INFO">      "praiseType": 0,</msg>
<msg timestamp="20200331 12:43:38.469" level="INFO">      "isrecommend": 0,</msg>
<msg timestamp="20200331 12:43:38.469" level="INFO">      "subTitle": "",</msg>
<msg timestamp="20200331 12:43:38.469" level="INFO">      "leadTitle": "",</msg>
<msg timestamp="20200331 12:43:38.469" level="INFO">      "picurl": "图片存储;xy/202003/17/t1_(4X4X584X330)e63b56a7-739e-46ca-ba61-e0005216c708.jpg",</msg>
<msg timestamp="20200331 12:43:38.469" level="INFO">      "ext_sharepic": "图片存储;xy/202003/17/t1_(4X4X584X330)e63b56a7-739e-46ca-ba61-e0005216c708.jpg",</msg>
<msg timestamp="20200331 12:43:38.469" level="INFO">      "keylist": "",</msg>
<msg timestamp="20200331 12:43:38.469" level="INFO">      "sectionids": "5",</msg>
<msg timestamp="20200331 12:43:38.469" level="INFO">      "newstype": 0,</msg>
<msg timestamp="20200331 12:43:38.469" level="INFO">      "collectcount": 0,</msg>
<msg timestamp="20200331 12:43:38.470" level="INFO">      "edittername": "张鹏",</msg>
<msg timestamp="20200331 12:43:38.470" level="INFO">      "iorder": "-17730104.0000282000",</msg>
<msg timestamp="20200331 12:43:38.470" level="INFO">      "picauthor": "",</msg>
<msg timestamp="20200331 12:43:38.470" level="INFO">      "picauthorid": "",</msg>
<msg timestamp="20200331 12:43:38.470" level="INFO">      "videoauthor": "",</msg>
<msg timestamp="20200331 12:43:38.470" level="INFO">      "videoauthorid": "",</msg>
<msg timestamp="20200331 12:43:38.470" level="INFO">      "bigPic": "图片存储;xy/202003/17/t1_(4X4X584X330)e63b56a7-739e-46ca-ba61-e0005216c708.jpg",</msg>
<msg timestamp="20200331 12:43:38.470" level="INFO">      "pic_list": [</msg>
<msg timestamp="20200331 12:43:38.470" level="INFO">        "图片存储;xy/202003/17/t1_(4X4X584X330)e63b56a7-739e-46ca-ba61-e0005216c708.jpg",</msg>
<msg timestamp="20200331 12:43:38.470" level="INFO">        "",</msg>
<msg timestamp="20200331 12:43:38.470" level="INFO">        ""</msg>
<msg timestamp="20200331 12:43:38.470" level="INFO">      ],</msg>
<msg timestamp="20200331 12:43:38.470" level="INFO">      "pic_list_title": [</msg>
<msg timestamp="20200331 12:43:38.470" level="INFO">        "https://img1.fjdaily.com/app/pad/pic/2020-03/17/t1_(4X4X584X330)e63b56a7-739e-46ca-ba61-e0005216c708.jpg"</msg>
<msg timestamp="20200331 12:43:38.470" level="INFO">      ],</msg>
<msg timestamp="20200331 12:43:38.470" level="INFO">      "emojiID": "",</msg>
<msg timestamp="20200331 12:43:38.470" level="INFO">      "copyright": "0",</msg>
<msg timestamp="20200331 12:43:38.470" level="INFO">      "picBig": "https://img1.fjdaily.com/app/pad/pic/2020-03/17/t1_(4X4X584X330)e63b56a7-739e-46ca-ba61-e0005216c708.jpg",</msg>
<msg timestamp="20200331 12:43:38.470" level="INFO">      "pic": [],</msg>
<msg timestamp="20200331 12:43:38.470" level="INFO">      "picCount": "0",</msg>
<msg timestamp="20200331 12:43:38.470" level="INFO">      "isTop": false,</msg>
<msg timestamp="20200331 12:43:38.470" level="INFO">      "position": 0</msg>
<msg timestamp="20200331 12:43:38.470" level="INFO">    },</msg>
<msg timestamp="20200331 12:43:38.470" level="INFO">    {</msg>
<msg timestamp="20200331 12:43:38.470" level="INFO">      "fileId": 233,</msg>
<msg timestamp="20200331 12:43:38.470" level="INFO">      "markLocked": false,</msg>
<msg timestamp="20200331 12:43:38.470" level="INFO">      "version": 1584948326000,</msg>
<msg timestamp="20200331 12:43:38.470" level="INFO">      "isRel": 0,</msg>
<msg timestamp="20200331 12:43:38.470" level="INFO">      "realPubTime": "2020-03-23 15:25:26.0",</msg>
<msg timestamp="20200331 12:43:38.470" level="INFO">      "title": "【虎嗅早报】3700人滞留船上！又一邮轮现疑似病例；美联储降低基准利率至零",</msg>
<msg timestamp="20200331 12:43:38.470" level="INFO">      "textTitle": "【虎嗅早报】3700人滞留船上！又一邮轮现疑似病例；美联储降低基准利率至零",</msg>
<msg timestamp="20200331 12:43:38.470" level="INFO">      "attAbstract": "",</msg>
<msg timestamp="20200331 12:43:38.470" level="INFO">      "textAbstract": "",</msg>
<msg timestamp="20200331 12:43:38.470" level="INFO">      "arthorID": 20,</msg>
<msg timestamp="20200331 12:43:38.470" level="INFO">      "arthorName": "测试0001",</msg>
<msg timestamp="20200331 12:43:38.470" level="INFO">      "reporter": "",</msg>
<msg timestamp="20200331 12:43:38.470" level="INFO">      "publishtime": "2020-03-16 16:47:16.0",</msg>
<msg timestamp="20200331 12:43:38.470" level="INFO">      "articleType": 0,</msg>
<msg timestamp="20200331 12:43:38.470" level="INFO">      "tag": "",</msg>
<msg timestamp="20200331 12:43:38.470" level="INFO">      "trade": "",</msg>
<msg timestamp="20200331 12:43:38.470" level="INFO">      "tradeID": "",</msg>
<msg timestamp="20200331 12:43:38.470" level="INFO">      "colName": "首页~图文",</msg>
<msg timestamp="20200331 12:43:38.470" level="INFO">      "columnCasName": "首页~图文",</msg>
<msg timestamp="20200331 12:43:38.470" level="INFO">      "colID": 49,</msg>
<msg timestamp="20200331 12:43:38.470" level="INFO">      "colIcon": "",</msg>
<msg timestamp="20200331 12:43:38.470" level="INFO">      "mark": "新福建",</msg>
<msg timestamp="20200331 12:43:38.470" level="INFO">      "source": "百度新闻",</msg>
<msg timestamp="20200331 12:43:38.470" level="INFO">      "sourceUrl": "",</msg>
<msg timestamp="20200331 12:43:38.470" level="INFO">      "multimediaLink": "",</msg>
<msg timestamp="20200331 12:43:38.471" level="INFO">      "shareUrl": "https://img1.fjdaily.com/app/pad/content/content_233.html",</msg>
<msg timestamp="20200331 12:43:38.471" level="INFO">      "url": "",</msg>
<msg timestamp="20200331 12:43:38.471" level="INFO">      "urlPad": "https://img1.fjdaily.com/app/pad/content/content_233.html",</msg>
<msg timestamp="20200331 12:43:38.471" level="INFO">      "isBigPic": 0,</msg>
<msg timestamp="20200331 12:43:38.471" level="INFO">      "isExclusive": 0,</msg>
<msg timestamp="20200331 12:43:38.471" level="INFO">      "contentUrl": "https://api1.fjdaily.com/app_if/getArticleContent?articleId=233",</msg>
<msg timestamp="20200331 12:43:38.471" level="INFO">      "linkID": 0,</msg>
<msg timestamp="20200331 12:43:38.471" level="INFO">      "linkType": 0,</msg>
<msg timestamp="20200331 12:43:38.471" level="INFO">      "linkName": "",</msg>
<msg timestamp="20200331 12:43:38.471" level="INFO">      "countClick": 0,</msg>
<msg timestamp="20200331 12:43:38.471" level="INFO">      "countClickInitial": 0,</msg>
<msg timestamp="20200331 12:43:38.471" level="INFO">      "countClickReal": 0,</msg>
<msg timestamp="20200331 12:43:38.471" level="INFO">      "countClickFake": 0,</msg>
<msg timestamp="20200331 12:43:38.471" level="INFO">      "countShareClick": 0,</msg>
<msg timestamp="20200331 12:43:38.471" level="INFO">      "rssID": 0,</msg>
<msg timestamp="20200331 12:43:38.471" level="INFO">      "rss": "",</msg>
<msg timestamp="20200331 12:43:38.471" level="INFO">      "rssType": 0,</msg>
<msg timestamp="20200331 12:43:38.471" level="INFO">      "discussClosed": "0",</msg>
<msg timestamp="20200331 12:43:38.471" level="INFO">      "countDiscuss": 0,</msg>
<msg timestamp="20200331 12:43:38.471" level="INFO">      "countPraise": 0,</msg>
<msg timestamp="20200331 12:43:38.471" level="INFO">      "countShare": 0,</msg>
<msg timestamp="20200331 12:43:38.471" level="INFO">      "extGroupID": 0,</msg>
<msg timestamp="20200331 12:43:38.471" level="INFO">      "picType": 1,</msg>
<msg timestamp="20200331 12:43:38.471" level="INFO">      "listType": 0,</msg>
<msg timestamp="20200331 12:43:38.471" level="INFO">      "picFullScreen": 0,</msg>
<msg timestamp="20200331 12:43:38.471" level="INFO">      "titleDisplay": 0,</msg>
<msg timestamp="20200331 12:43:38.471" level="INFO">      "pubTimeDisplay": 0,</msg>
<msg timestamp="20200331 12:43:38.471" level="INFO">      "shareClosed": 0,</msg>
<msg timestamp="20200331 12:43:38.471" level="INFO">      "shareContent": "",</msg>
<msg timestamp="20200331 12:43:38.471" level="INFO">      "shareTitle": "",</msg>
<msg timestamp="20200331 12:43:38.471" level="INFO">      "sharePicUrl": "",</msg>
<msg timestamp="20200331 12:43:38.471" level="INFO">      "customShare": 0,</msg>
<msg timestamp="20200331 12:43:38.471" level="INFO">      "listTitle": "",</msg>
<msg timestamp="20200331 12:43:38.471" level="INFO">      "praiseType": 0,</msg>
<msg timestamp="20200331 12:43:38.471" level="INFO">      "isrecommend": 0,</msg>
<msg timestamp="20200331 12:43:38.471" level="INFO">      "subTitle": "",</msg>
<msg timestamp="20200331 12:43:38.471" level="INFO">      "leadTitle": "",</msg>
<msg timestamp="20200331 12:43:38.471" level="INFO">      "picurl": "图片存储;xy/202003/16/t1_(3X7X440X253)8490705e-fffb-4a76-94f2-7e777cb57e84copy.jpg",</msg>
<msg timestamp="20200331 12:43:38.471" level="INFO">      "ext_sharepic": "图片存储;xy/202003/16/t1_(3X7X440X253)8490705e-fffb-4a76-94f2-7e777cb57e84copy.jpg",</msg>
<msg timestamp="20200331 12:43:38.471" level="INFO">      "keylist": "",</msg>
<msg timestamp="20200331 12:43:38.471" level="INFO">      "sectionids": "49",</msg>
<msg timestamp="20200331 12:43:38.471" level="INFO">      "newstype": 0,</msg>
<msg timestamp="20200331 12:43:38.471" level="INFO">      "collectcount": 0,</msg>
<msg timestamp="20200331 12:43:38.471" level="INFO">      "edittername": "张鹏",</msg>
<msg timestamp="20200331 12:43:38.471" level="INFO">      "iorder": "-17720164.7000233000",</msg>
<msg timestamp="20200331 12:43:38.471" level="INFO">      "picauthor": "",</msg>
<msg timestamp="20200331 12:43:38.471" level="INFO">      "picauthorid": "",</msg>
<msg timestamp="20200331 12:43:38.472" level="INFO">      "videoauthor": "",</msg>
<msg timestamp="20200331 12:43:38.472" level="INFO">      "videoauthorid": "",</msg>
<msg timestamp="20200331 12:43:38.472" level="INFO">      "bigPic": "图片存储;xy/202003/16/t1_(3X7X440X253)8490705e-fffb-4a76-94f2-7e777cb57e84copy.jpg",</msg>
<msg timestamp="20200331 12:43:38.472" level="INFO">      "pic_list": [</msg>
<msg timestamp="20200331 12:43:38.472" level="INFO">        "图片存储;xy/202003/16/t1_(3X7X440X253)8490705e-fffb-4a76-94f2-7e777cb57e84copy.jpg",</msg>
<msg timestamp="20200331 12:43:38.472" level="INFO">        "",</msg>
<msg timestamp="20200331 12:43:38.472" level="INFO">        ""</msg>
<msg timestamp="20200331 12:43:38.472" level="INFO">      ],</msg>
<msg timestamp="20200331 12:43:38.472" level="INFO">      "pic_list_title": [</msg>
<msg timestamp="20200331 12:43:38.472" level="INFO">        "https://img1.fjdaily.com/app/pad/pic/2020-03/16/t1_(3X7X440X253)8490705e-fffb-4a76-94f2-7e777cb57e84copy.jpg"</msg>
<msg timestamp="20200331 12:43:38.472" level="INFO">      ],</msg>
<msg timestamp="20200331 12:43:38.472" level="INFO">      "emojiID": "",</msg>
<msg timestamp="20200331 12:43:38.472" level="INFO">      "copyright": "0",</msg>
<msg timestamp="20200331 12:43:38.472" level="INFO">      "pic0": "https://img1.fjdaily.com/app/pad/pic/2020-03/16/93bffc4e-13ab-4a30-ae1a-7f405390478fcopy.jpg",</msg>
<msg timestamp="20200331 12:43:38.472" level="INFO">      "picBig": "https://img1.fjdaily.com/app/pad/pic/2020-03/16/t1_(3X7X440X253)8490705e-fffb-4a76-94f2-7e777cb57e84copy.jpg",</msg>
<msg timestamp="20200331 12:43:38.472" level="INFO">      "pic": [],</msg>
<msg timestamp="20200331 12:43:38.472" level="INFO">      "picCount": "1",</msg>
<msg timestamp="20200331 12:43:38.472" level="INFO">      "isTop": false,</msg>
<msg timestamp="20200331 12:43:38.472" level="INFO">      "position": 0</msg>
<msg timestamp="20200331 12:43:38.472" level="INFO">    },</msg>
<msg timestamp="20200331 12:43:38.472" level="INFO">    {</msg>
<msg timestamp="20200331 12:43:38.472" level="INFO">      "fileId": 484,</msg>
<msg timestamp="20200331 12:43:38.472" level="INFO">      "markLocked": false,</msg>
<msg timestamp="20200331 12:43:38.472" level="INFO">      "version": 1584948324000,</msg>
<msg timestamp="20200331 12:43:38.472" level="INFO">      "isRel": 0,</msg>
<msg timestamp="20200331 12:43:38.472" level="INFO">      "realPubTime": "2020-03-23 15:25:24.0",</msg>
<msg timestamp="20200331 12:43:38.472" level="INFO">      "title": "组图稿件详情页",</msg>
<msg timestamp="20200331 12:43:38.472" level="INFO">      "textTitle": "组图稿件详情页",</msg>
<msg timestamp="20200331 12:43:38.472" level="INFO">      "attAbstract": "我是测试，嗯嗯嗯，好的，组图稿件测试详情页。",</msg>
<msg timestamp="20200331 12:43:38.472" level="INFO">      "textAbstract": "我是测试，嗯嗯嗯，好的，组图稿件测试详情页。",</msg>
<msg timestamp="20200331 12:43:38.472" level="INFO">      "arthorID": 20,</msg>
<msg timestamp="20200331 12:43:38.472" level="INFO">      "arthorName": "测试",</msg>
<msg timestamp="20200331 12:43:38.472" level="INFO">      "reporter": "",</msg>
<msg timestamp="20200331 12:43:38.472" level="INFO">      "publishtime": "2020-03-18 09:55:50.0",</msg>
<msg timestamp="20200331 12:43:38.472" level="INFO">      "articleType": 1,</msg>
<msg timestamp="20200331 12:43:38.472" level="INFO">      "tag": "第一个标签",</msg>
<msg timestamp="20200331 12:43:38.472" level="INFO">      "tags": [</msg>
<msg timestamp="20200331 12:43:38.472" level="INFO">        {</msg>
<msg timestamp="20200331 12:43:38.472" level="INFO">          "id": 1,</msg>
<msg timestamp="20200331 12:43:38.472" level="INFO">          "name": "第一个标签",</msg>
<msg timestamp="20200331 12:43:38.472" level="INFO">          "order": 1</msg>
<msg timestamp="20200331 12:43:38.472" level="INFO">        }</msg>
<msg timestamp="20200331 12:43:38.472" level="INFO">      ],</msg>
<msg timestamp="20200331 12:43:38.472" level="INFO">      "trade": "",</msg>
<msg timestamp="20200331 12:43:38.472" level="INFO">      "tradeID": "",</msg>
<msg timestamp="20200331 12:43:38.472" level="INFO">      "colName": "首页~头条",</msg>
<msg timestamp="20200331 12:43:38.472" level="INFO">      "columnCasName": "首页~头条",</msg>
<msg timestamp="20200331 12:43:38.472" level="INFO">      "colID": 5,</msg>
<msg timestamp="20200331 12:43:38.472" level="INFO">      "colIcon": "http://218.66.59.25:3083/app/resource/xy/202003/06/4fff70e1-1028-49b8-9c48-12637e3c7f7f.jpg",</msg>
<msg timestamp="20200331 12:43:38.473" level="INFO">      "mark": "角标",</msg>
<msg timestamp="20200331 12:43:38.473" level="INFO">      "source": "搜狐新闻",</msg>
<msg timestamp="20200331 12:43:38.473" level="INFO">      "sourceUrl": "",</msg>
<msg timestamp="20200331 12:43:38.473" level="INFO">      "multimediaLink": "",</msg>
<msg timestamp="20200331 12:43:38.473" level="INFO">      "shareUrl": "https://img1.fjdaily.com/app/pad/content/content_484.html",</msg>
<msg timestamp="20200331 12:43:38.473" level="INFO">      "url": "",</msg>
<msg timestamp="20200331 12:43:38.473" level="INFO">      "urlPad": "https://img1.fjdaily.com/app/pad/content/content_484.html",</msg>
<msg timestamp="20200331 12:43:38.473" level="INFO">      "isBigPic": 1,</msg>
<msg timestamp="20200331 12:43:38.473" level="INFO">      "picRatio": "789:443",</msg>
<msg timestamp="20200331 12:43:38.473" level="INFO">      "isExclusive": 0,</msg>
<msg timestamp="20200331 12:43:38.473" level="INFO">      "contentUrl": "https://api1.fjdaily.com/app_if/getArticleContent?articleId=484",</msg>
<msg timestamp="20200331 12:43:38.473" level="INFO">      "linkID": 0,</msg>
<msg timestamp="20200331 12:43:38.473" level="INFO">      "linkType": 0,</msg>
<msg timestamp="20200331 12:43:38.473" level="INFO">      "linkName": "",</msg>
<msg timestamp="20200331 12:43:38.473" level="INFO">      "countClick": 95,</msg>
<msg timestamp="20200331 12:43:38.473" level="INFO">      "countClickInitial": 0,</msg>
<msg timestamp="20200331 12:43:38.473" level="INFO">      "countClickReal": 2,</msg>
<msg timestamp="20200331 12:43:38.473" level="INFO">      "countClickFake": 93,</msg>
<msg timestamp="20200331 12:43:38.473" level="INFO">      "countShareClick": 0,</msg>
<msg timestamp="20200331 12:43:38.473" level="INFO">      "rssID": 0,</msg>
<msg timestamp="20200331 12:43:38.473" level="INFO">      "rss": "",</msg>
<msg timestamp="20200331 12:43:38.473" level="INFO">      "rssType": 0,</msg>
<msg timestamp="20200331 12:43:38.473" level="INFO">      "discussClosed": "0",</msg>
<msg timestamp="20200331 12:43:38.473" level="INFO">      "countDiscuss": 19,</msg>
<msg timestamp="20200331 12:43:38.473" level="INFO">      "countPraise": 2,</msg>
<msg timestamp="20200331 12:43:38.473" level="INFO">      "countShare": 0,</msg>
<msg timestamp="20200331 12:43:38.473" level="INFO">      "extGroupID": 0,</msg>
<msg timestamp="20200331 12:43:38.473" level="INFO">      "picType": 2,</msg>
<msg timestamp="20200331 12:43:38.473" level="INFO">      "listType": 0,</msg>
<msg timestamp="20200331 12:43:38.473" level="INFO">      "picFullScreen": 0,</msg>
<msg timestamp="20200331 12:43:38.473" level="INFO">      "titleDisplay": 0,</msg>
<msg timestamp="20200331 12:43:38.473" level="INFO">      "pubTimeDisplay": 0,</msg>
<msg timestamp="20200331 12:43:38.473" level="INFO">      "shareClosed": 0,</msg>
<msg timestamp="20200331 12:43:38.473" level="INFO">      "shareContent": "",</msg>
<msg timestamp="20200331 12:43:38.473" level="INFO">      "shareTitle": "",</msg>
<msg timestamp="20200331 12:43:38.473" level="INFO">      "sharePicUrl": "",</msg>
<msg timestamp="20200331 12:43:38.473" level="INFO">      "customShare": 0,</msg>
<msg timestamp="20200331 12:43:38.473" level="INFO">      "listTitle": "",</msg>
<msg timestamp="20200331 12:43:38.473" level="INFO">      "praiseType": 0,</msg>
<msg timestamp="20200331 12:43:38.473" level="INFO">      "isrecommend": 0,</msg>
<msg timestamp="20200331 12:43:38.473" level="INFO">      "subTitle": "副题，我是副题",</msg>
<msg timestamp="20200331 12:43:38.473" level="INFO">      "leadTitle": "引题，我是引题",</msg>
<msg timestamp="20200331 12:43:38.473" level="INFO">      "picurl": "图片存储;xy/202003/18/t1_(5X5X597X338)49aa7273-883c-4fb7-8301-2f8d04a101fa.jpg",</msg>
<msg timestamp="20200331 12:43:38.473" level="INFO">      "ext_sharepic": "图片存储;xy/202003/18/t1_(5X5X597X338)49aa7273-883c-4fb7-8301-2f8d04a101fa.jpg",</msg>
<msg timestamp="20200331 12:43:38.473" level="INFO">      "keylist": "测试;稿件;嗯嗯;详情",</msg>
<msg timestamp="20200331 12:43:38.473" level="INFO">      "sectionids": "5",</msg>
<msg timestamp="20200331 12:43:38.473" level="INFO">      "newstype": 1,</msg>
<msg timestamp="20200331 12:43:38.474" level="INFO">      "collectcount": 0,</msg>
<msg timestamp="20200331 12:43:38.474" level="INFO">      "edittername": "张鹏",</msg>
<msg timestamp="20200331 12:43:38.474" level="INFO">      "iorder": "-17740095.2000484000",</msg>
<msg timestamp="20200331 12:43:38.474" level="INFO">      "picauthor": "",</msg>
<msg timestamp="20200331 12:43:38.474" level="INFO">      "picauthorid": "",</msg>
<msg timestamp="20200331 12:43:38.474" level="INFO">      "videoauthor": "",</msg>
<msg timestamp="20200331 12:43:38.474" level="INFO">      "videoauthorid": "",</msg>
<msg timestamp="20200331 12:43:38.474" level="INFO">      "bigPic": "图片存储;xy/202003/18/t1_(5X5X597X338)49aa7273-883c-4fb7-8301-2f8d04a101fa.jpg",</msg>
<msg timestamp="20200331 12:43:38.474" level="INFO">      "pic_list": [</msg>
<msg timestamp="20200331 12:43:38.474" level="INFO">        "图片存储;xy/202003/18/t1_(5X5X597X338)49aa7273-883c-4fb7-8301-2f8d04a101fa.jpg",</msg>
<msg timestamp="20200331 12:43:38.474" level="INFO">        "",</msg>
<msg timestamp="20200331 12:43:38.474" level="INFO">        ""</msg>
<msg timestamp="20200331 12:43:38.474" level="INFO">      ],</msg>
<msg timestamp="20200331 12:43:38.474" level="INFO">      "pic_list_title": [</msg>
<msg timestamp="20200331 12:43:38.474" level="INFO">        "https://img1.fjdaily.com/app/pad/pic/2020-03/18/t1_(5X5X597X338)49aa7273-883c-4fb7-8301-2f8d04a101fa.jpg"</msg>
<msg timestamp="20200331 12:43:38.474" level="INFO">      ],</msg>
<msg timestamp="20200331 12:43:38.474" level="INFO">      "emojiID": "",</msg>
<msg timestamp="20200331 12:43:38.474" level="INFO">      "copyright": "0",</msg>
<msg timestamp="20200331 12:43:38.474" level="INFO">      "picBig": "https://img1.fjdaily.com/app/pad/pic/2020-03/18/t1_(5X5X597X338)49aa7273-883c-4fb7-8301-2f8d04a101fa.jpg",</msg>
<msg timestamp="20200331 12:43:38.474" level="INFO">      "pic0": "https://img1.fjdaily.com/app/pad/pic/2020-03/18/4a2adc86-b604-4bce-a41f-4e99253a3740.jpg",</msg>
<msg timestamp="20200331 12:43:38.474" level="INFO">      "pic1": "https://img1.fjdaily.com/app/pad/pic/2020-03/18/f1761f9b-392d-4b40-a3ce-9e0cdda96170.jpg",</msg>
<msg timestamp="20200331 12:43:38.474" level="INFO">      "pic2": "https://img1.fjdaily.com/app/pad/pic/2020-03/18/5d8fed28-94b3-4b21-8b84-7b72474a34ca.jpg",</msg>
<msg timestamp="20200331 12:43:38.474" level="INFO">      "pic": [],</msg>
<msg timestamp="20200331 12:43:38.474" level="INFO">      "picCount": "9",</msg>
<msg timestamp="20200331 12:43:38.474" level="INFO">      "isTop": false,</msg>
<msg timestamp="20200331 12:43:38.474" level="INFO">      "position": 0</msg>
<msg timestamp="20200331 12:43:38.474" level="INFO">    },</msg>
<msg timestamp="20200331 12:43:38.474" level="INFO">    {</msg>
<msg timestamp="20200331 12:43:38.474" level="INFO">      "fileId": 295,</msg>
<msg timestamp="20200331 12:43:38.474" level="INFO">      "markLocked": false,</msg>
<msg timestamp="20200331 12:43:38.474" level="INFO">      "version": 1584948330000,</msg>
<msg timestamp="20200331 12:43:38.474" level="INFO">      "isRel": 0,</msg>
<msg timestamp="20200331 12:43:38.474" level="INFO">      "realPubTime": "2020-03-23 15:25:30.0",</msg>
<msg timestamp="20200331 12:43:38.474" level="INFO">      "title": "测试稿件0317",</msg>
<msg timestamp="20200331 12:43:38.474" level="INFO">      "textTitle": "测试稿件0317",</msg>
<msg timestamp="20200331 12:43:38.474" level="INFO">      "attAbstract": "",</msg>
<msg timestamp="20200331 12:43:38.474" level="INFO">      "textAbstract": "",</msg>
<msg timestamp="20200331 12:43:38.474" level="INFO">      "arthorID": 26,</msg>
<msg timestamp="20200331 12:43:38.474" level="INFO">      "arthorName": "11",</msg>
<msg timestamp="20200331 12:43:38.474" level="INFO">      "reporter": "",</msg>
<msg timestamp="20200331 12:43:38.474" level="INFO">      "publishtime": "2020-03-17 11:09:38.0",</msg>
<msg timestamp="20200331 12:43:38.474" level="INFO">      "articleType": 0,</msg>
<msg timestamp="20200331 12:43:38.474" level="INFO">      "tag": "专题；图组",</msg>
<msg timestamp="20200331 12:43:38.474" level="INFO">      "tags": [</msg>
<msg timestamp="20200331 12:43:38.474" level="INFO">        {</msg>
<msg timestamp="20200331 12:43:38.474" level="INFO">          "id": 3,</msg>
<msg timestamp="20200331 12:43:38.474" level="INFO">          "name": "专题",</msg>
<msg timestamp="20200331 12:43:38.474" level="INFO">          "order": 1</msg>
<msg timestamp="20200331 12:43:38.475" level="INFO">        },</msg>
<msg timestamp="20200331 12:43:38.475" level="INFO">        {</msg>
<msg timestamp="20200331 12:43:38.475" level="INFO">          "id": 4,</msg>
<msg timestamp="20200331 12:43:38.475" level="INFO">          "name": "图组",</msg>
<msg timestamp="20200331 12:43:38.475" level="INFO">          "order": 2</msg>
<msg timestamp="20200331 12:43:38.475" level="INFO">        }</msg>
<msg timestamp="20200331 12:43:38.475" level="INFO">      ],</msg>
<msg timestamp="20200331 12:43:38.475" level="INFO">      "trade": "",</msg>
<msg timestamp="20200331 12:43:38.475" level="INFO">      "tradeID": "",</msg>
<msg timestamp="20200331 12:43:38.475" level="INFO">      "colName": "首页~头条",</msg>
<msg timestamp="20200331 12:43:38.475" level="INFO">      "columnCasName": "首页~头条",</msg>
<msg timestamp="20200331 12:43:38.475" level="INFO">      "colID": 5,</msg>
<msg timestamp="20200331 12:43:38.475" level="INFO">      "colIcon": "http://218.66.59.25:3083/app/resource/xy/202003/06/4fff70e1-1028-49b8-9c48-12637e3c7f7f.jpg",</msg>
<msg timestamp="20200331 12:43:38.475" level="INFO">      "mark": "",</msg>
<msg timestamp="20200331 12:43:38.475" level="INFO">      "source": "",</msg>
<msg timestamp="20200331 12:43:38.475" level="INFO">      "sourceUrl": "",</msg>
<msg timestamp="20200331 12:43:38.475" level="INFO">      "multimediaLink": "",</msg>
<msg timestamp="20200331 12:43:38.475" level="INFO">      "shareUrl": "https://img1.fjdaily.com/app/pad/content/content_295.html",</msg>
<msg timestamp="20200331 12:43:38.475" level="INFO">      "url": "",</msg>
<msg timestamp="20200331 12:43:38.475" level="INFO">      "urlPad": "https://img1.fjdaily.com/app/pad/content/content_295.html",</msg>
<msg timestamp="20200331 12:43:38.475" level="INFO">      "isBigPic": 0,</msg>
<msg timestamp="20200331 12:43:38.475" level="INFO">      "isExclusive": 0,</msg>
<msg timestamp="20200331 12:43:38.475" level="INFO">      "contentUrl": "https://api1.fjdaily.com/app_if/getArticleContent?articleId=295",</msg>
<msg timestamp="20200331 12:43:38.475" level="INFO">      "linkID": 0,</msg>
<msg timestamp="20200331 12:43:38.475" level="INFO">      "linkType": 0,</msg>
<msg timestamp="20200331 12:43:38.475" level="INFO">      "linkName": "",</msg>
<msg timestamp="20200331 12:43:38.475" level="INFO">      "countClick": 0,</msg>
<msg timestamp="20200331 12:43:38.475" level="INFO">      "countClickInitial": 0,</msg>
<msg timestamp="20200331 12:43:38.475" level="INFO">      "countClickReal": 0,</msg>
<msg timestamp="20200331 12:43:38.475" level="INFO">      "countClickFake": 0,</msg>
<msg timestamp="20200331 12:43:38.475" level="INFO">      "countShareClick": 0,</msg>
<msg timestamp="20200331 12:43:38.475" level="INFO">      "rssID": 0,</msg>
<msg timestamp="20200331 12:43:38.475" level="INFO">      "rss": "",</msg>
<msg timestamp="20200331 12:43:38.475" level="INFO">      "rssType": 0,</msg>
<msg timestamp="20200331 12:43:38.475" level="INFO">      "discussClosed": "0",</msg>
<msg timestamp="20200331 12:43:38.475" level="INFO">      "countDiscuss": 8,</msg>
<msg timestamp="20200331 12:43:38.475" level="INFO">      "countPraise": 10,</msg>
<msg timestamp="20200331 12:43:38.475" level="INFO">      "countShare": 0,</msg>
<msg timestamp="20200331 12:43:38.475" level="INFO">      "extGroupID": 0,</msg>
<msg timestamp="20200331 12:43:38.475" level="INFO">      "picType": 1,</msg>
<msg timestamp="20200331 12:43:38.475" level="INFO">      "listType": 0,</msg>
<msg timestamp="20200331 12:43:38.475" level="INFO">      "picFullScreen": 0,</msg>
<msg timestamp="20200331 12:43:38.475" level="INFO">      "titleDisplay": 0,</msg>
<msg timestamp="20200331 12:43:38.475" level="INFO">      "pubTimeDisplay": 0,</msg>
<msg timestamp="20200331 12:43:38.475" level="INFO">      "shareClosed": 1,</msg>
<msg timestamp="20200331 12:43:38.475" level="INFO">      "shareContent": "一二三四五六七八九十一二三四五六七八九十一二三四五六七八九十一二三四五六七八九十一二三四五六七八九十一二三四五六七八九十",</msg>
<msg timestamp="20200331 12:43:38.475" level="INFO">      "shareTitle": "一二三四五六七八九十一二三四五六七八九十一二三四五六七八九十",</msg>
<msg timestamp="20200331 12:43:38.475" level="INFO">      "sharePicUrl": "图片存储;xy/202003/17/t0_(262X97X458X244)0526da7f-d5a5-4c82-b4ed-37fd65179131.jpg",</msg>
<msg timestamp="20200331 12:43:38.476" level="INFO">      "sharePicAbsoluteUrl": "https://api1.fjdaily.com/app_if/getImage?path=图片存储;xy/202003/17/t0_(262X97X458X244)0526da7f-d5a5-4c82-b4ed-37fd65179131.jpg",</msg>
<msg timestamp="20200331 12:43:38.476" level="INFO">      "customShare": 0,</msg>
<msg timestamp="20200331 12:43:38.476" level="INFO">      "listTitle": "【list_title】@&amp;送风机NASA超过三行显示情况测试“test”【list_title】@&amp;送风机NASA超过两行显示情况测试“test”【list_title】@&amp;送风机NASA超过两行显示情况测试“test”【list_title】@&amp;送风机NASA超过两行显示情况测试“test”【list_title】@&amp;送风机NASA超过两行显示情况测试“test”【list_title】@&amp;送风机NASA超过两行显示情况测试“test”【list_title】@&amp;送风机NASA超",</msg>
<msg timestamp="20200331 12:43:38.476" level="INFO">      "praiseType": 0,</msg>
<msg timestamp="20200331 12:43:38.476" level="INFO">      "isrecommend": 0,</msg>
<msg timestamp="20200331 12:43:38.476" level="INFO">      "subTitle": "一二三四五六七八九十",</msg>
<msg timestamp="20200331 12:43:38.476" level="INFO">      "leadTitle": "一二三四五六七八九十",</msg>
<msg timestamp="20200331 12:43:38.476" level="INFO">      "picurl": "图片存储;xy/202003/17/t0_(125X27X494X304)25770fd4-7151-45ef-9e66-65aa9117ef4b.png",</msg>
<msg timestamp="20200331 12:43:38.476" level="INFO">      "ext_sharepic": "图片存储;xy/202003/17/t0_(125X27X494X304)25770fd4-7151-45ef-9e66-65aa9117ef4b.png",</msg>
<msg timestamp="20200331 12:43:38.476" level="INFO">      "keylist": "",</msg>
<msg timestamp="20200331 12:43:38.476" level="INFO">      "sectionids": "5;78",</msg>
<msg timestamp="20200331 12:43:38.476" level="INFO">      "newstype": 0,</msg>
<msg timestamp="20200331 12:43:38.476" level="INFO">      "collectcount": 0,</msg>
<msg timestamp="20200331 12:43:38.476" level="INFO">      "edittername": "温怡春",</msg>
<msg timestamp="20200331 12:43:38.476" level="INFO">      "iorder": "-17730110.8000295000",</msg>
<msg timestamp="20200331 12:43:38.476" level="INFO">      "picauthor": "",</msg>
<msg timestamp="20200331 12:43:38.476" level="INFO">      "picauthorid": "",</msg>
<msg timestamp="20200331 12:43:38.476" level="INFO">      "videoauthor": "",</msg>
<msg timestamp="20200331 12:43:38.476" level="INFO">      "videoauthorid": "",</msg>
<msg timestamp="20200331 12:43:38.476" level="INFO">      "bigPic": "图片存储;xy/202003/17/t0_(125X27X494X304)25770fd4-7151-45ef-9e66-65aa9117ef4b.png",</msg>
<msg timestamp="20200331 12:43:38.476" level="INFO">      "pic_list": [</msg>
<msg timestamp="20200331 12:43:38.476" level="INFO">        "图片存储;xy/202003/17/t0_(125X27X494X304)25770fd4-7151-45ef-9e66-65aa9117ef4b.png",</msg>
<msg timestamp="20200331 12:43:38.476" level="INFO">        "",</msg>
<msg timestamp="20200331 12:43:38.476" level="INFO">        ""</msg>
<msg timestamp="20200331 12:43:38.476" level="INFO">      ],</msg>
<msg timestamp="20200331 12:43:38.476" level="INFO">      "pic_list_title": [</msg>
<msg timestamp="20200331 12:43:38.476" level="INFO">        "https://img1.fjdaily.com/app/pad/pic/2020-03/17/t0_(125X27X494X304)25770fd4-7151-45ef-9e66-65aa9117ef4b.png"</msg>
<msg timestamp="20200331 12:43:38.476" level="INFO">      ],</msg>
<msg timestamp="20200331 12:43:38.476" level="INFO">      "emojiID": "",</msg>
<msg timestamp="20200331 12:43:38.476" level="INFO">      "copyright": "0",</msg>
<msg timestamp="20200331 12:43:38.476" level="INFO">      "picBig": "https://img1.fjdaily.com/app/pad/pic/2020-03/17/t0_(125X27X494X304)25770fd4-7151-45ef-9e66-65aa9117ef4b.png",</msg>
<msg timestamp="20200331 12:43:38.476" level="INFO">      "pic": [],</msg>
<msg timestamp="20200331 12:43:38.476" level="INFO">      "picCount": "0",</msg>
<msg timestamp="20200331 12:43:38.476" level="INFO">      "isTop": false,</msg>
<msg timestamp="20200331 12:43:38.476" level="INFO">      "position": 0</msg>
<msg timestamp="20200331 12:43:38.476" level="INFO">    },</msg>
<msg timestamp="20200331 12:43:38.476" level="INFO">    {</msg>
<msg timestamp="20200331 12:43:38.476" level="INFO">      "fileId": 639,</msg>
<msg timestamp="20200331 12:43:38.476" level="INFO">      "markLocked": false,</msg>
<msg timestamp="20200331 12:43:38.476" level="INFO">      "version": 1584948328000,</msg>
<msg timestamp="20200331 12:43:38.476" level="INFO">      "isRel": 0,</msg>
<msg timestamp="20200331 12:43:38.476" level="INFO">      "realPubTime": "2020-03-23 15:25:28.0",</msg>
<msg timestamp="20200331 12:43:38.476" level="INFO">      "title": "测试稿件-设置角标内容",</msg>
<msg timestamp="20200331 12:43:38.476" level="INFO">      "textTitle": "测试稿件-设置角标内容",</msg>
<msg timestamp="20200331 12:43:38.476" level="INFO">      "attAbstract": "",</msg>
<msg timestamp="20200331 12:43:38.476" level="INFO">      "textAbstract": "",</msg>
<msg timestamp="20200331 12:43:38.476" level="INFO">      "arthorID": 32,</msg>
<msg timestamp="20200331 12:43:38.476" level="INFO">      "arthorName": "",</msg>
<msg timestamp="20200331 12:43:38.477" level="INFO">      "reporter": "",</msg>
<msg timestamp="20200331 12:43:38.477" level="INFO">      "publishtime": "2020-03-19 10:15:49.0",</msg>
<msg timestamp="20200331 12:43:38.477" level="INFO">      "articleType": 0,</msg>
<msg timestamp="20200331 12:43:38.477" level="INFO">      "tag": "",</msg>
<msg timestamp="20200331 12:43:38.477" level="INFO">      "trade": "",</msg>
<msg timestamp="20200331 12:43:38.477" level="INFO">      "tradeID": "",</msg>
<msg timestamp="20200331 12:43:38.477" level="INFO">      "colName": "首页~yll测试栏目",</msg>
<msg timestamp="20200331 12:43:38.477" level="INFO">      "columnCasName": "首页~yll测试栏目",</msg>
<msg timestamp="20200331 12:43:38.477" level="INFO">      "colID": 80,</msg>
<msg timestamp="20200331 12:43:38.477" level="INFO">      "colIcon": "",</msg>
<msg timestamp="20200331 12:43:38.477" level="INFO">      "mark": "图文稿件角标",</msg>
<msg timestamp="20200331 12:43:38.477" level="INFO">      "source": "",</msg>
<msg timestamp="20200331 12:43:38.477" level="INFO">      "sourceUrl": "",</msg>
<msg timestamp="20200331 12:43:38.477" level="INFO">      "multimediaLink": "",</msg>
<msg timestamp="20200331 12:43:38.477" level="INFO">      "shareUrl": "https://img1.fjdaily.com/app/index/2020-03/19/content_639.html",</msg>
<msg timestamp="20200331 12:43:38.477" level="INFO">      "url": "",</msg>
<msg timestamp="20200331 12:43:38.477" level="INFO">      "urlPad": "https://img1.fjdaily.com/app/index/2020-03/19/content_639.html",</msg>
<msg timestamp="20200331 12:43:38.477" level="INFO">      "isBigPic": 0,</msg>
<msg timestamp="20200331 12:43:38.477" level="INFO">      "isExclusive": 0,</msg>
<msg timestamp="20200331 12:43:38.477" level="INFO">      "contentUrl": "https://api1.fjdaily.com/app_if/getArticleContent?articleId=639",</msg>
<msg timestamp="20200331 12:43:38.477" level="INFO">      "linkID": 0,</msg>
<msg timestamp="20200331 12:43:38.477" level="INFO">      "linkType": 0,</msg>
<msg timestamp="20200331 12:43:38.477" level="INFO">      "linkName": "",</msg>
<msg timestamp="20200331 12:43:38.477" level="INFO">      "countClick": 156,</msg>
<msg timestamp="20200331 12:43:38.477" level="INFO">      "countClickInitial": 0,</msg>
<msg timestamp="20200331 12:43:38.477" level="INFO">      "countClickReal": 0,</msg>
<msg timestamp="20200331 12:43:38.477" level="INFO">      "countClickFake": 156,</msg>
<msg timestamp="20200331 12:43:38.477" level="INFO">      "countShareClick": 0,</msg>
<msg timestamp="20200331 12:43:38.477" level="INFO">      "rssID": 0,</msg>
<msg timestamp="20200331 12:43:38.477" level="INFO">      "rss": "",</msg>
<msg timestamp="20200331 12:43:38.477" level="INFO">      "rssType": 0,</msg>
<msg timestamp="20200331 12:43:38.477" level="INFO">      "discussClosed": "1",</msg>
<msg timestamp="20200331 12:43:38.477" level="INFO">      "countDiscuss": 15,</msg>
<msg timestamp="20200331 12:43:38.477" level="INFO">      "countPraise": 4,</msg>
<msg timestamp="20200331 12:43:38.477" level="INFO">      "countShare": 0,</msg>
<msg timestamp="20200331 12:43:38.477" level="INFO">      "extGroupID": 0,</msg>
<msg timestamp="20200331 12:43:38.477" level="INFO">      "picType": 1,</msg>
<msg timestamp="20200331 12:43:38.477" level="INFO">      "listType": 0,</msg>
<msg timestamp="20200331 12:43:38.477" level="INFO">      "picFullScreen": 0,</msg>
<msg timestamp="20200331 12:43:38.477" level="INFO">      "titleDisplay": 0,</msg>
<msg timestamp="20200331 12:43:38.477" level="INFO">      "pubTimeDisplay": 0,</msg>
<msg timestamp="20200331 12:43:38.477" level="INFO">      "shareClosed": 0,</msg>
<msg timestamp="20200331 12:43:38.477" level="INFO">      "shareContent": "",</msg>
<msg timestamp="20200331 12:43:38.477" level="INFO">      "shareTitle": "",</msg>
<msg timestamp="20200331 12:43:38.477" level="INFO">      "sharePicUrl": "",</msg>
<msg timestamp="20200331 12:43:38.477" level="INFO">      "customShare": 0,</msg>
<msg timestamp="20200331 12:43:38.478" level="INFO">      "listTitle": "",</msg>
<msg timestamp="20200331 12:43:38.478" level="INFO">      "praiseType": 0,</msg>
<msg timestamp="20200331 12:43:38.478" level="INFO">      "isrecommend": 0,</msg>
<msg timestamp="20200331 12:43:38.478" level="INFO">      "subTitle": "",</msg>
<msg timestamp="20200331 12:43:38.478" level="INFO">      "leadTitle": "",</msg>
<msg timestamp="20200331 12:43:38.478" level="INFO">      "picurl": "图片存储;xy/202003/19/t2_(1X3X327X220)ca09efa7-7cba-49d1-a7cb-07796bcee968.jpg",</msg>
<msg timestamp="20200331 12:43:38.478" level="INFO">      "ext_sharepic": "图片存储;xy/202003/19/t2_(1X3X327X220)ca09efa7-7cba-49d1-a7cb-07796bcee968.jpg",</msg>
<msg timestamp="20200331 12:43:38.478" level="INFO">      "keylist": "",</msg>
<msg timestamp="20200331 12:43:38.478" level="INFO">      "sectionids": "80",</msg>
<msg timestamp="20200331 12:43:38.478" level="INFO">      "newstype": 0,</msg>
<msg timestamp="20200331 12:43:38.478" level="INFO">      "collectcount": 0,</msg>
<msg timestamp="20200331 12:43:38.478" level="INFO">      "edittername": "尹利利",</msg>
<msg timestamp="20200331 12:43:38.478" level="INFO">      "iorder": "-17750101.5000639000",</msg>
<msg timestamp="20200331 12:43:38.478" level="INFO">      "picauthor": "",</msg>
<msg timestamp="20200331 12:43:38.478" level="INFO">      "picauthorid": "",</msg>
<msg timestamp="20200331 12:43:38.478" level="INFO">      "videoauthor": "",</msg>
<msg timestamp="20200331 12:43:38.478" level="INFO">      "videoauthorid": "",</msg>
<msg timestamp="20200331 12:43:38.478" level="INFO">      "bigPic": "图片存储;xy/202003/19/t2_(1X3X327X220)ca09efa7-7cba-49d1-a7cb-07796bcee968.jpg",</msg>
<msg timestamp="20200331 12:43:38.478" level="INFO">      "pic_list": [</msg>
<msg timestamp="20200331 12:43:38.478" level="INFO">        "图片存储;xy/202003/19/t2_(1X3X327X220)ca09efa7-7cba-49d1-a7cb-07796bcee968.jpg",</msg>
<msg timestamp="20200331 12:43:38.478" level="INFO">        "",</msg>
<msg timestamp="20200331 12:43:38.478" level="INFO">        ""</msg>
<msg timestamp="20200331 12:43:38.478" level="INFO">      ],</msg>
<msg timestamp="20200331 12:43:38.478" level="INFO">      "pic_list_title": [</msg>
<msg timestamp="20200331 12:43:38.478" level="INFO">        "https://img1.fjdaily.com/app/index/2020-03/19/t2_(1X3X327X220)ca09efa7-7cba-49d1-a7cb-07796bcee968.jpg"</msg>
<msg timestamp="20200331 12:43:38.478" level="INFO">      ],</msg>
<msg timestamp="20200331 12:43:38.478" level="INFO">      "emojiID": "",</msg>
<msg timestamp="20200331 12:43:38.478" level="INFO">      "copyright": "0",</msg>
<msg timestamp="20200331 12:43:38.478" level="INFO">      "picBig": "https://img1.fjdaily.com/app/index/2020-03/19/t2_(1X3X327X220)ca09efa7-7cba-49d1-a7cb-07796bcee968.jpg",</msg>
<msg timestamp="20200331 12:43:38.478" level="INFO">      "pic": [],</msg>
<msg timestamp="20200331 12:43:38.478" level="INFO">      "picCount": "0",</msg>
<msg timestamp="20200331 12:43:38.478" level="INFO">      "isTop": false,</msg>
<msg timestamp="20200331 12:43:38.478" level="INFO">      "position": 0</msg>
<msg timestamp="20200331 12:43:38.478" level="INFO">    },</msg>
<msg timestamp="20200331 12:43:38.478" level="INFO">    {</msg>
<msg timestamp="20200331 12:43:38.478" level="INFO">      "fileId": 827,</msg>
<msg timestamp="20200331 12:43:38.478" level="INFO">      "markLocked": false,</msg>
<msg timestamp="20200331 12:43:38.478" level="INFO">      "version": 1584948327000,</msg>
<msg timestamp="20200331 12:43:38.478" level="INFO">      "isRel": 0,</msg>
<msg timestamp="20200331 12:43:38.478" level="INFO">      "realPubTime": "2020-03-23 15:25:27.0",</msg>
<msg timestamp="20200331 12:43:38.478" level="INFO">      "title": "稿件插入图片",</msg>
<msg timestamp="20200331 12:43:38.478" level="INFO">      "textTitle": "稿件插入图片",</msg>
<msg timestamp="20200331 12:43:38.478" level="INFO">      "attAbstract": "",</msg>
<msg timestamp="20200331 12:43:38.478" level="INFO">      "textAbstract": "",</msg>
<msg timestamp="20200331 12:43:38.478" level="INFO">      "arthorID": 32,</msg>
<msg timestamp="20200331 12:43:38.478" level="INFO">      "arthorName": "",</msg>
<msg timestamp="20200331 12:43:38.479" level="INFO">      "reporter": "",</msg>
<msg timestamp="20200331 12:43:38.479" level="INFO">      "publishtime": "2020-03-20 17:25:00.0",</msg>
<msg timestamp="20200331 12:43:38.479" level="INFO">      "articleType": 0,</msg>
<msg timestamp="20200331 12:43:38.479" level="INFO">      "tag": "",</msg>
<msg timestamp="20200331 12:43:38.479" level="INFO">      "trade": "",</msg>
<msg timestamp="20200331 12:43:38.479" level="INFO">      "tradeID": "",</msg>
<msg timestamp="20200331 12:43:38.479" level="INFO">      "colName": "首页~yll测试栏目",</msg>
<msg timestamp="20200331 12:43:38.479" level="INFO">      "columnCasName": "首页~yll测试栏目",</msg>
<msg timestamp="20200331 12:43:38.479" level="INFO">      "colID": 80,</msg>
<msg timestamp="20200331 12:43:38.479" level="INFO">      "colIcon": "",</msg>
<msg timestamp="20200331 12:43:38.479" level="INFO">      "mark": "",</msg>
<msg timestamp="20200331 12:43:38.479" level="INFO">      "source": "",</msg>
<msg timestamp="20200331 12:43:38.479" level="INFO">      "sourceUrl": "",</msg>
<msg timestamp="20200331 12:43:38.479" level="INFO">      "multimediaLink": "",</msg>
<msg timestamp="20200331 12:43:38.479" level="INFO">      "shareUrl": "https://img1.fjdaily.com/app/index/2020-03/20/content_827.html",</msg>
<msg timestamp="20200331 12:43:38.479" level="INFO">      "url": "",</msg>
<msg timestamp="20200331 12:43:38.479" level="INFO">      "urlPad": "https://img1.fjdaily.com/app/index/2020-03/20/content_827.html",</msg>
<msg timestamp="20200331 12:43:38.479" level="INFO">      "isBigPic": 0,</msg>
<msg timestamp="20200331 12:43:38.479" level="INFO">      "isExclusive": 0,</msg>
<msg timestamp="20200331 12:43:38.479" level="INFO">      "contentUrl": "https://api1.fjdaily.com/app_if/getArticleContent?articleId=827",</msg>
<msg timestamp="20200331 12:43:38.479" level="INFO">      "linkID": 0,</msg>
<msg timestamp="20200331 12:43:38.479" level="INFO">      "linkType": 0,</msg>
<msg timestamp="20200331 12:43:38.479" level="INFO">      "linkName": "",</msg>
<msg timestamp="20200331 12:43:38.479" level="INFO">      "countClick": 0,</msg>
<msg timestamp="20200331 12:43:38.479" level="INFO">      "countClickInitial": 0,</msg>
<msg timestamp="20200331 12:43:38.479" level="INFO">      "countClickReal": 0,</msg>
<msg timestamp="20200331 12:43:38.479" level="INFO">      "countClickFake": 0,</msg>
<msg timestamp="20200331 12:43:38.479" level="INFO">      "countShareClick": 0,</msg>
<msg timestamp="20200331 12:43:38.479" level="INFO">      "rssID": 0,</msg>
<msg timestamp="20200331 12:43:38.479" level="INFO">      "rss": "",</msg>
<msg timestamp="20200331 12:43:38.479" level="INFO">      "rssType": 0,</msg>
<msg timestamp="20200331 12:43:38.479" level="INFO">      "discussClosed": "0",</msg>
<msg timestamp="20200331 12:43:38.479" level="INFO">      "countDiscuss": 16,</msg>
<msg timestamp="20200331 12:43:38.479" level="INFO">      "countPraise": 3,</msg>
<msg timestamp="20200331 12:43:38.479" level="INFO">      "countShare": 0,</msg>
<msg timestamp="20200331 12:43:38.479" level="INFO">      "extGroupID": 0,</msg>
<msg timestamp="20200331 12:43:38.479" level="INFO">      "picType": 1,</msg>
<msg timestamp="20200331 12:43:38.479" level="INFO">      "listType": 0,</msg>
<msg timestamp="20200331 12:43:38.479" level="INFO">      "picFullScreen": 0,</msg>
<msg timestamp="20200331 12:43:38.479" level="INFO">      "titleDisplay": 0,</msg>
<msg timestamp="20200331 12:43:38.479" level="INFO">      "pubTimeDisplay": 0,</msg>
<msg timestamp="20200331 12:43:38.479" level="INFO">      "shareClosed": 0,</msg>
<msg timestamp="20200331 12:43:38.479" level="INFO">      "shareContent": "",</msg>
<msg timestamp="20200331 12:43:38.479" level="INFO">      "shareTitle": "",</msg>
<msg timestamp="20200331 12:43:38.479" level="INFO">      "sharePicUrl": "",</msg>
<msg timestamp="20200331 12:43:38.479" level="INFO">      "customShare": 0,</msg>
<msg timestamp="20200331 12:43:38.479" level="INFO">      "listTitle": "",</msg>
<msg timestamp="20200331 12:43:38.479" level="INFO">      "praiseType": 0,</msg>
<msg timestamp="20200331 12:43:38.479" level="INFO">      "isrecommend": 0,</msg>
<msg timestamp="20200331 12:43:38.479" level="INFO">      "subTitle": "",</msg>
<msg timestamp="20200331 12:43:38.480" level="INFO">      "leadTitle": "",</msg>
<msg timestamp="20200331 12:43:38.480" level="INFO">      "picurl": "图片存储;xy/202003/20/t1_(11X10X592X337)b53662ef-33f4-4cd3-98b5-1447fea8c2b4.jpg",</msg>
<msg timestamp="20200331 12:43:38.480" level="INFO">      "ext_sharepic": "图片存储;xy/202003/20/t1_(11X10X592X337)b53662ef-33f4-4cd3-98b5-1447fea8c2b4.jpg",</msg>
<msg timestamp="20200331 12:43:38.480" level="INFO">      "keylist": "",</msg>
<msg timestamp="20200331 12:43:38.480" level="INFO">      "sectionids": "80",</msg>
<msg timestamp="20200331 12:43:38.480" level="INFO">      "newstype": 0,</msg>
<msg timestamp="20200331 12:43:38.480" level="INFO">      "collectcount": 0,</msg>
<msg timestamp="20200331 12:43:38.480" level="INFO">      "edittername": "尹利利",</msg>
<msg timestamp="20200331 12:43:38.480" level="INFO">      "iorder": "-17760151.9000827000",</msg>
<msg timestamp="20200331 12:43:38.480" level="INFO">      "picauthor": "",</msg>
<msg timestamp="20200331 12:43:38.480" level="INFO">      "picauthorid": "",</msg>
<msg timestamp="20200331 12:43:38.480" level="INFO">      "videoauthor": "",</msg>
<msg timestamp="20200331 12:43:38.480" level="INFO">      "videoauthorid": "",</msg>
<msg timestamp="20200331 12:43:38.480" level="INFO">      "bigPic": "图片存储;xy/202003/20/t1_(11X10X592X337)b53662ef-33f4-4cd3-98b5-1447fea8c2b4.jpg",</msg>
<msg timestamp="20200331 12:43:38.480" level="INFO">      "pic_list": [</msg>
<msg timestamp="20200331 12:43:38.480" level="INFO">        "图片存储;xy/202003/20/t1_(11X10X592X337)b53662ef-33f4-4cd3-98b5-1447fea8c2b4.jpg",</msg>
<msg timestamp="20200331 12:43:38.480" level="INFO">        "",</msg>
<msg timestamp="20200331 12:43:38.480" level="INFO">        ""</msg>
<msg timestamp="20200331 12:43:38.480" level="INFO">      ],</msg>
<msg timestamp="20200331 12:43:38.480" level="INFO">      "pic_list_title": [</msg>
<msg timestamp="20200331 12:43:38.480" level="INFO">        "https://img1.fjdaily.com/app/index/2020-03/20/t1_(11X10X592X337)b53662ef-33f4-4cd3-98b5-1447fea8c2b4.jpg"</msg>
<msg timestamp="20200331 12:43:38.480" level="INFO">      ],</msg>
<msg timestamp="20200331 12:43:38.480" level="INFO">      "emojiID": "",</msg>
<msg timestamp="20200331 12:43:38.480" level="INFO">      "copyright": "0",</msg>
<msg timestamp="20200331 12:43:38.480" level="INFO">      "picBig": "https://img1.fjdaily.com/app/index/2020-03/20/t1_(11X10X592X337)b53662ef-33f4-4cd3-98b5-1447fea8c2b4.jpg",</msg>
<msg timestamp="20200331 12:43:38.480" level="INFO">      "videoUrl": "https://junshi-cloud-clip-oss.oss-cn-hangzhou.aliyuncs.com/common/custom/20200216/3837bc7e-31d9-42f1-8b63-2215d378c8da.mp3",</msg>
<msg timestamp="20200331 12:43:38.480" level="INFO">      "duration": 0,</msg>
<msg timestamp="20200331 12:43:38.480" level="INFO">      "size": 0,</msg>
<msg timestamp="20200331 12:43:38.480" level="INFO">      "videoStyle": 0,</msg>
<msg timestamp="20200331 12:43:38.480" level="INFO">      "pic0": "https://img1.fjdaily.com/app/index/2020-03/20/8490705e-fffb-4a76-94f2-7e777cb57e84.jpg",</msg>
<msg timestamp="20200331 12:43:38.480" level="INFO">      "pic1": "https://img1.fjdaily.com/app/index/2020-03/20/4fff70e1-1028-49b8-9c48-12637e3c7f7f.jpg",</msg>
<msg timestamp="20200331 12:43:38.480" level="INFO">      "pic2": "https://img1.fjdaily.com/app/index/2020-03/20/ae76d301-cde4-4ffa-977e-4f3d7e79c507.jpg",</msg>
<msg timestamp="20200331 12:43:38.480" level="INFO">      "pic": [],</msg>
<msg timestamp="20200331 12:43:38.480" level="INFO">      "picCount": "4",</msg>
<msg timestamp="20200331 12:43:38.480" level="INFO">      "isTop": false,</msg>
<msg timestamp="20200331 12:43:38.480" level="INFO">      "position": 0</msg>
<msg timestamp="20200331 12:43:38.480" level="INFO">    },</msg>
<msg timestamp="20200331 12:43:38.480" level="INFO">    {</msg>
<msg timestamp="20200331 12:43:38.480" level="INFO">      "fileId": 1264,</msg>
<msg timestamp="20200331 12:43:38.480" level="INFO">      "markLocked": false,</msg>
<msg timestamp="20200331 12:43:38.480" level="INFO">      "version": 1585627183000,</msg>
<msg timestamp="20200331 12:43:38.480" level="INFO">      "isRel": 0,</msg>
<msg timestamp="20200331 12:43:38.480" level="INFO">      "realPubTime": "2020-03-31 11:59:43.0",</msg>
<msg timestamp="20200331 12:43:38.480" level="INFO">      "title": "测试",</msg>
<msg timestamp="20200331 12:43:38.480" level="INFO">      "textTitle": "测试",</msg>
<msg timestamp="20200331 12:43:38.480" level="INFO">      "attAbstract": "",</msg>
<msg timestamp="20200331 12:43:38.480" level="INFO">      "textAbstract": "",</msg>
<msg timestamp="20200331 12:43:38.480" level="INFO">      "arthorID": 26,</msg>
<msg timestamp="20200331 12:43:38.481" level="INFO">      "arthorName": "",</msg>
<msg timestamp="20200331 12:43:38.481" level="INFO">      "reporter": "",</msg>
<msg timestamp="20200331 12:43:38.481" level="INFO">      "publishtime": "2020-03-31 11:59:43.0",</msg>
<msg timestamp="20200331 12:43:38.481" level="INFO">      "articleType": 2,</msg>
<msg timestamp="20200331 12:43:38.481" level="INFO">      "tag": "",</msg>
<msg timestamp="20200331 12:43:38.481" level="INFO">      "trade": "",</msg>
<msg timestamp="20200331 12:43:38.481" level="INFO">      "tradeID": "",</msg>
<msg timestamp="20200331 12:43:38.481" level="INFO">      "colName": "首页~V视",</msg>
<msg timestamp="20200331 12:43:38.481" level="INFO">      "columnCasName": "首页~V视",</msg>
<msg timestamp="20200331 12:43:38.481" level="INFO">      "colID": 15,</msg>
<msg timestamp="20200331 12:43:38.481" level="INFO">      "colIcon": "",</msg>
<msg timestamp="20200331 12:43:38.481" level="INFO">      "mark": "",</msg>
<msg timestamp="20200331 12:43:38.481" level="INFO">      "source": "",</msg>
<msg timestamp="20200331 12:43:38.481" level="INFO">      "sourceUrl": "",</msg>
<msg timestamp="20200331 12:43:38.481" level="INFO">      "multimediaLink": "",</msg>
<msg timestamp="20200331 12:43:38.481" level="INFO">      "shareUrl": "https://img1.fjdaily.com/app/index/2020-03/31/content_1264.html",</msg>
<msg timestamp="20200331 12:43:38.481" level="INFO">      "url": "",</msg>
<msg timestamp="20200331 12:43:38.481" level="INFO">      "urlPad": "https://img1.fjdaily.com/app/index/2020-03/31/content_1264.html",</msg>
<msg timestamp="20200331 12:43:38.481" level="INFO">      "isBigPic": 1,</msg>
<msg timestamp="20200331 12:43:38.481" level="INFO">      "picRatio": "1270:847",</msg>
<msg timestamp="20200331 12:43:38.481" level="INFO">      "isExclusive": 0,</msg>
<msg timestamp="20200331 12:43:38.481" level="INFO">      "contentUrl": "https://api1.fjdaily.com/app_if/getArticleContent?articleId=1264",</msg>
<msg timestamp="20200331 12:43:38.481" level="INFO">      "linkID": 0,</msg>
<msg timestamp="20200331 12:43:38.481" level="INFO">      "linkType": 0,</msg>
<msg timestamp="20200331 12:43:38.481" level="INFO">      "linkName": "",</msg>
<msg timestamp="20200331 12:43:38.481" level="INFO">      "countClick": 0,</msg>
<msg timestamp="20200331 12:43:38.481" level="INFO">      "countClickInitial": 0,</msg>
<msg timestamp="20200331 12:43:38.481" level="INFO">      "countClickReal": 0,</msg>
<msg timestamp="20200331 12:43:38.481" level="INFO">      "countClickFake": 0,</msg>
<msg timestamp="20200331 12:43:38.481" level="INFO">      "countShareClick": 0,</msg>
<msg timestamp="20200331 12:43:38.481" level="INFO">      "rssID": 0,</msg>
<msg timestamp="20200331 12:43:38.481" level="INFO">      "rss": "",</msg>
<msg timestamp="20200331 12:43:38.481" level="INFO">      "rssType": 0,</msg>
<msg timestamp="20200331 12:43:38.481" level="INFO">      "discussClosed": "0",</msg>
<msg timestamp="20200331 12:43:38.481" level="INFO">      "countDiscuss": 0,</msg>
<msg timestamp="20200331 12:43:38.481" level="INFO">      "countPraise": 0,</msg>
<msg timestamp="20200331 12:43:38.481" level="INFO">      "countShare": 0,</msg>
<msg timestamp="20200331 12:43:38.481" level="INFO">      "extGroupID": 0,</msg>
<msg timestamp="20200331 12:43:38.481" level="INFO">      "picType": 2,</msg>
<msg timestamp="20200331 12:43:38.481" level="INFO">      "listType": 0,</msg>
<msg timestamp="20200331 12:43:38.481" level="INFO">      "picFullScreen": 0,</msg>
<msg timestamp="20200331 12:43:38.481" level="INFO">      "titleDisplay": 0,</msg>
<msg timestamp="20200331 12:43:38.481" level="INFO">      "pubTimeDisplay": 0,</msg>
<msg timestamp="20200331 12:43:38.481" level="INFO">      "shareClosed": 0,</msg>
<msg timestamp="20200331 12:43:38.481" level="INFO">      "shareContent": "",</msg>
<msg timestamp="20200331 12:43:38.481" level="INFO">      "shareTitle": "",</msg>
<msg timestamp="20200331 12:43:38.481" level="INFO">      "sharePicUrl": "",</msg>
<msg timestamp="20200331 12:43:38.481" level="INFO">      "customShare": 0,</msg>
<msg timestamp="20200331 12:43:38.481" level="INFO">      "listTitle": "",</msg>
<msg timestamp="20200331 12:43:38.481" level="INFO">      "praiseType": 0,</msg>
<msg timestamp="20200331 12:43:38.482" level="INFO">      "isrecommend": 0,</msg>
<msg timestamp="20200331 12:43:38.482" level="INFO">      "subTitle": "",</msg>
<msg timestamp="20200331 12:43:38.482" level="INFO">      "leadTitle": "",</msg>
<msg timestamp="20200331 12:43:38.482" level="INFO">      "picurl": "图片存储;xy/202003/24/fa25b499-2a0c-424d-be56-aa07f6e010e5.jpg",</msg>
<msg timestamp="20200331 12:43:38.482" level="INFO">      "ext_sharepic": "图片存储;xy/202003/24/fa25b499-2a0c-424d-be56-aa07f6e010e5.jpg",</msg>
<msg timestamp="20200331 12:43:38.482" level="INFO">      "keylist": "",</msg>
<msg timestamp="20200331 12:43:38.482" level="INFO">      "sectionids": "15",</msg>
<msg timestamp="20200331 12:43:38.482" level="INFO">      "newstype": 2,</msg>
<msg timestamp="20200331 12:43:38.482" level="INFO">      "collectcount": 0,</msg>
<msg timestamp="20200331 12:43:38.482" level="INFO">      "edittername": "温怡春",</msg>
<msg timestamp="20200331 12:43:38.482" level="INFO">      "iorder": "-37110115.9001264000",</msg>
<msg timestamp="20200331 12:43:38.482" level="INFO">      "picauthor": "",</msg>
<msg timestamp="20200331 12:43:38.482" level="INFO">      "picauthorid": "",</msg>
<msg timestamp="20200331 12:43:38.482" level="INFO">      "videoauthor": "",</msg>
<msg timestamp="20200331 12:43:38.482" level="INFO">      "videoauthorid": "",</msg>
<msg timestamp="20200331 12:43:38.482" level="INFO">      "bigPic": "图片存储;xy/202003/24/fa25b499-2a0c-424d-be56-aa07f6e010e5.jpg",</msg>
<msg timestamp="20200331 12:43:38.482" level="INFO">      "pic_list": [</msg>
<msg timestamp="20200331 12:43:38.482" level="INFO">        "图片存储;xy/202003/24/fa25b499-2a0c-424d-be56-aa07f6e010e5.jpg",</msg>
<msg timestamp="20200331 12:43:38.482" level="INFO">        "",</msg>
<msg timestamp="20200331 12:43:38.482" level="INFO">        ""</msg>
<msg timestamp="20200331 12:43:38.482" level="INFO">      ],</msg>
<msg timestamp="20200331 12:43:38.482" level="INFO">      "pic_list_title": [</msg>
<msg timestamp="20200331 12:43:38.482" level="INFO">        "https://img1.fjdaily.com/app/index/2020-03/31/fa25b499-2a0c-424d-be56-aa07f6e010e5.jpg"</msg>
<msg timestamp="20200331 12:43:38.482" level="INFO">      ],</msg>
<msg timestamp="20200331 12:43:38.482" level="INFO">      "emojiID": "",</msg>
<msg timestamp="20200331 12:43:38.482" level="INFO">      "copyright": "0",</msg>
<msg timestamp="20200331 12:43:38.482" level="INFO">      "picBig": "https://img1.fjdaily.com/app/index/2020-03/31/fa25b499-2a0c-424d-be56-aa07f6e010e5.jpg",</msg>
<msg timestamp="20200331 12:43:38.482" level="INFO">      "videoUrl": "http://video.mtrh.com.cn/20200323/3656618732554240.mp4",</msg>
<msg timestamp="20200331 12:43:38.482" level="INFO">      "duration": 0,</msg>
<msg timestamp="20200331 12:43:38.482" level="INFO">      "size": 0,</msg>
[...]
<msg timestamp="20200331 12:43:42.095" level="INFO">      "multimediaLink": "",</msg>
<msg timestamp="20200331 12:43:42.095" level="INFO">      "shareUrl": "https://img1.fjdaily.com/app/index/2020-03/31/content_1234.html",</msg>
<msg timestamp="20200331 12:43:42.095" level="INFO">      "url": "",</msg>
<msg timestamp="20200331 12:43:42.095" level="INFO">      "urlPad": "https://img1.fjdaily.com/app/index/2020-03/31/content_1234.html",</msg>
<msg timestamp="20200331 12:43:42.095" level="INFO">      "isBigPic": 0,</msg>
<msg timestamp="20200331 12:43:42.095" level="INFO">      "isExclusive": 0,</msg>
<msg timestamp="20200331 12:43:42.095" level="INFO">      "contentUrl": "https://api1.fjdaily.com/app_if/getArticleContent?articleId=1234",</msg>
<msg timestamp="20200331 12:43:42.095" level="INFO">      "linkID": 0,</msg>
<msg timestamp="20200331 12:43:42.095" level="INFO">      "linkType": 0,</msg>
<msg timestamp="20200331 12:43:42.095" level="INFO">      "linkName": "",</msg>
<msg timestamp="20200331 12:43:42.095" level="INFO">      "countClick": 0,</msg>
<msg timestamp="20200331 12:43:42.095" level="INFO">      "countClickInitial": 0,</msg>
<msg timestamp="20200331 12:43:42.095" level="INFO">      "countClickReal": 0,</msg>
<msg timestamp="20200331 12:43:42.095" level="INFO">      "countClickFake": 0,</msg>
<msg timestamp="20200331 12:43:42.095" level="INFO">      "countShareClick": 0,</msg>
<msg timestamp="20200331 12:43:42.095" level="INFO">      "rssID": 0,</msg>
<msg timestamp="20200331 12:43:42.095" level="INFO">      "rss": "",</msg>
<msg timestamp="20200331 12:43:42.095" level="INFO">      "rssType": 0,</msg>
<msg timestamp="20200331 12:43:42.095" level="INFO">      "discussClosed": "0",</msg>
<msg timestamp="20200331 12:43:42.095" level="INFO">      "countDiscuss": 0,</msg>
<msg timestamp="20200331 12:43:42.096" level="INFO">      "countPraise": 0,</msg>
<msg timestamp="20200331 12:43:42.096" level="INFO">      "countShare": 0,</msg>
<msg timestamp="20200331 12:43:42.096" level="INFO">      "extGroupID": 0,</msg>
<msg timestamp="20200331 12:43:42.096" level="INFO">      "xyAccountID": 6,</msg>
<msg timestamp="20200331 12:43:42.096" level="INFO">      "xyAccount": "测试0318哈哈哈哈哈呜呜呜呜啦啦啦啦啦呜呜呜啦啦啦啦123我们我们问卷",</msg>
<msg timestamp="20200331 12:43:42.096" level="INFO">      "xyAccountIcon": "https://img1.fjdaily.com/app/resource/xy/202003/24/d92f96d2-e6ed-4e80-b1a3-ebf35f8e1bfa.jpg",</msg>
<msg timestamp="20200331 12:43:42.096" level="INFO">      "xyDescription": "新福建》是福建日报社（报业集团） 旗下产品，是福建省“一报一台一网（端）\"重要舆论阵地，是省级党报集团“新闻+政务+生活服务”的移动客户端。 每天及时推送最新资讯，提供区域化、定 制化媒体新闻服务，满足用户的各类政务咨询办理需求，为用户提供丰富便捷的本地化生活服务",</msg>
<msg timestamp="20200331 12:43:42.096" level="INFO">      "picType": 1,</msg>
<msg timestamp="20200331 12:43:42.096" level="INFO">      "listType": 0,</msg>
<msg timestamp="20200331 12:43:42.096" level="INFO">      "picFullScreen": 0,</msg>
<msg timestamp="20200331 12:43:42.096" level="INFO">      "titleDisplay": 0,</msg>
<msg timestamp="20200331 12:43:42.096" level="INFO">      "pubTimeDisplay": 0,</msg>
<msg timestamp="20200331 12:43:42.096" level="INFO">      "shareClosed": 0,</msg>
<msg timestamp="20200331 12:43:42.096" level="INFO">      "shareContent": "",</msg>
<msg timestamp="20200331 12:43:42.096" level="INFO">      "shareTitle": "",</msg>
<msg timestamp="20200331 12:43:42.096" level="INFO">      "sharePicUrl": "",</msg>
<msg timestamp="20200331 12:43:42.096" level="INFO">      "customShare": 0,</msg>
<msg timestamp="20200331 12:43:42.096" level="INFO">      "listTitle": "",</msg>
<msg timestamp="20200331 12:43:42.096" level="INFO">      "praiseType": 0,</msg>
<msg timestamp="20200331 12:43:42.096" level="INFO">      "isrecommend": 0,</msg>
<msg timestamp="20200331 12:43:42.096" level="INFO">      "subTitle": "",</msg>
<msg timestamp="20200331 12:43:42.096" level="INFO">      "leadTitle": "",</msg>
<msg timestamp="20200331 12:43:42.096" level="INFO">      "picurl": "",</msg>
<msg timestamp="20200331 12:43:42.096" level="INFO">      "ext_sharepic": "",</msg>
<msg timestamp="20200331 12:43:42.096" level="INFO">      "keylist": "",</msg>
<msg timestamp="20200331 12:43:42.096" level="INFO">      "sectionids": "25",</msg>
<msg timestamp="20200331 12:43:42.096" level="INFO">      "newstype": 0,</msg>
<msg timestamp="20200331 12:43:42.096" level="INFO">      "collectcount": 0,</msg>
<msg timestamp="20200331 12:43:42.096" level="INFO">      "edittername": "张逢琦",</msg>
<msg timestamp="20200331 12:43:42.096" level="INFO">      "iorder": "-37110101.9001233950",</msg>
<msg timestamp="20200331 12:43:42.096" level="INFO">      "picauthor": "",</msg>
<msg timestamp="20200331 12:43:42.097" level="INFO">      "picauthorid": "",</msg>
<msg timestamp="20200331 12:43:42.097" level="INFO">      "videoauthor": "",</msg>
<msg timestamp="20200331 12:43:42.097" level="INFO">      "videoauthorid": "",</msg>
<msg timestamp="20200331 12:43:42.097" level="INFO">      "bigPic": "",</msg>
<msg timestamp="20200331 12:43:42.097" level="INFO">      "pic_list": [</msg>
<msg timestamp="20200331 12:43:42.097" level="INFO">        "",</msg>
<msg timestamp="20200331 12:43:42.097" level="INFO">        "",</msg>
<msg timestamp="20200331 12:43:42.097" level="INFO">        ""</msg>
<msg timestamp="20200331 12:43:42.097" level="INFO">      ],</msg>
<msg timestamp="20200331 12:43:42.097" level="INFO">      "pic_list_title": [],</msg>
<msg timestamp="20200331 12:43:42.097" level="INFO">      "emojiID": "",</msg>
<msg timestamp="20200331 12:43:42.097" level="INFO">      "copyright": "0",</msg>
<msg timestamp="20200331 12:43:42.097" level="INFO">      "pic": [],</msg>
<msg timestamp="20200331 12:43:42.097" level="INFO">      "picCount": "0",</msg>
<msg timestamp="20200331 12:43:42.097" level="INFO">      "content": "测试3",</msg>
<msg timestamp="20200331 12:43:42.097" level="INFO">      "isTop": false,</msg>
<msg timestamp="20200331 12:43:42.097" level="INFO">      "position": 0</msg>
<msg timestamp="20200331 12:43:42.097" level="INFO">    },</msg>
<msg timestamp="20200331 12:43:42.097" level="INFO">    {</msg>
<msg timestamp="20200331 12:43:42.097" level="INFO">      "fileId": 1233,</msg>
<msg timestamp="20200331 12:43:42.097" level="INFO">      "markLocked": false,</msg>
<msg timestamp="20200331 12:43:42.097" level="INFO">      "version": 1585621158000,</msg>
<msg timestamp="20200331 12:43:42.097" level="INFO">      "isRel": 0,</msg>
<msg timestamp="20200331 12:43:42.097" level="INFO">      "realPubTime": "2020-03-31 10:19:18.0",</msg>
<msg timestamp="20200331 12:43:42.097" level="INFO">      "title": "测试2",</msg>
<msg timestamp="20200331 12:43:42.097" level="INFO">      "textTitle": "测试2",</msg>
<msg timestamp="20200331 12:43:42.097" level="INFO">      "attAbstract": "",</msg>
<msg timestamp="20200331 12:43:42.097" level="INFO">      "textAbstract": "",</msg>
<msg timestamp="20200331 12:43:42.097" level="INFO">      "arthorID": 21,</msg>
<msg timestamp="20200331 12:43:42.097" level="INFO">      "arthorName": "",</msg>
<msg timestamp="20200331 12:43:42.097" level="INFO">      "reporter": "",</msg>
<msg timestamp="20200331 12:43:42.097" level="INFO">      "publishtime": "2020-03-31 10:19:18.0",</msg>
<msg timestamp="20200331 12:43:42.097" level="INFO">      "articleType": 0,</msg>
<msg timestamp="20200331 12:43:42.097" level="INFO">      "tag": "",</msg>
<msg timestamp="20200331 12:43:42.097" level="INFO">      "trade": "",</msg>
<msg timestamp="20200331 12:43:42.097" level="INFO">      "tradeID": "",</msg>
<msg timestamp="20200331 12:43:42.097" level="INFO">      "colName": "首页~福建号",</msg>
<msg timestamp="20200331 12:43:42.097" level="INFO">      "columnCasName": "首页~福建号",</msg>
<msg timestamp="20200331 12:43:42.097" level="INFO">      "colID": 25,</msg>
<msg timestamp="20200331 12:43:42.097" level="INFO">      "colIcon": "",</msg>
<msg timestamp="20200331 12:43:42.097" level="INFO">      "mark": "",</msg>
<msg timestamp="20200331 12:43:42.097" level="INFO">      "source": "",</msg>
<msg timestamp="20200331 12:43:42.097" level="INFO">      "sourceUrl": "",</msg>
<msg timestamp="20200331 12:43:42.097" level="INFO">      "multimediaLink": "",</msg>
<msg timestamp="20200331 12:43:42.097" level="INFO">      "shareUrl": "https://img1.fjdaily.com/app/index/2020-03/31/content_1233.html",</msg>
<msg timestamp="20200331 12:43:42.097" level="INFO">      "url": "",</msg>
<msg timestamp="20200331 12:43:42.098" level="INFO">      "urlPad": "https://img1.fjdaily.com/app/index/2020-03/31/content_1233.html",</msg>
<msg timestamp="20200331 12:43:42.098" level="INFO">      "isBigPic": 0,</msg>
<msg timestamp="20200331 12:43:42.098" level="INFO">      "isExclusive": 0,</msg>
<msg timestamp="20200331 12:43:42.098" level="INFO">      "contentUrl": "https://api1.fjdaily.com/app_if/getArticleContent?articleId=1233",</msg>
<msg timestamp="20200331 12:43:42.098" level="INFO">      "linkID": 0,</msg>
<msg timestamp="20200331 12:43:42.098" level="INFO">      "linkType": 0,</msg>
<msg timestamp="20200331 12:43:42.098" level="INFO">      "linkName": "",</msg>
<msg timestamp="20200331 12:43:42.098" level="INFO">      "countClick": 0,</msg>
<msg timestamp="20200331 12:43:42.098" level="INFO">      "countClickInitial": 0,</msg>
<msg timestamp="20200331 12:43:42.098" level="INFO">      "countClickReal": 0,</msg>
<msg timestamp="20200331 12:43:42.098" level="INFO">      "countClickFake": 0,</msg>
<msg timestamp="20200331 12:43:42.098" level="INFO">      "countShareClick": 0,</msg>
<msg timestamp="20200331 12:43:42.098" level="INFO">      "rssID": 0,</msg>
<msg timestamp="20200331 12:43:42.098" level="INFO">      "rss": "",</msg>
<msg timestamp="20200331 12:43:42.098" level="INFO">      "rssType": 0,</msg>
<msg timestamp="20200331 12:43:42.098" level="INFO">      "discussClosed": "0",</msg>
<msg timestamp="20200331 12:43:42.098" level="INFO">      "countDiscuss": 0,</msg>
<msg timestamp="20200331 12:43:42.098" level="INFO">      "countPraise": 0,</msg>
<msg timestamp="20200331 12:43:42.098" level="INFO">      "countShare": 0,</msg>
<msg timestamp="20200331 12:43:42.098" level="INFO">      "extGroupID": 0,</msg>
<msg timestamp="20200331 12:43:42.098" level="INFO">      "xyAccountID": 6,</msg>
<msg timestamp="20200331 12:43:42.098" level="INFO">      "xyAccount": "测试0318哈哈哈哈哈呜呜呜呜啦啦啦啦啦呜呜呜啦啦啦啦123我们我们问卷",</msg>
<msg timestamp="20200331 12:43:42.098" level="INFO">      "xyAccountIcon": "https://img1.fjdaily.com/app/resource/xy/202003/24/d92f96d2-e6ed-4e80-b1a3-ebf35f8e1bfa.jpg",</msg>
<msg timestamp="20200331 12:43:42.098" level="INFO">      "xyDescription": "新福建》是福建日报社（报业集团） 旗下产品，是福建省“一报一台一网（端）\"重要舆论阵地，是省级党报集团“新闻+政务+生活服务”的移动客户端。 每天及时推送最新资讯，提供区域化、定 制化媒体新闻服务，满足用户的各类政务咨询办理需求，为用户提供丰富便捷的本地化生活服务",</msg>
<msg timestamp="20200331 12:43:42.098" level="INFO">      "picType": 1,</msg>
<msg timestamp="20200331 12:43:42.098" level="INFO">      "listType": 0,</msg>
<msg timestamp="20200331 12:43:42.098" level="INFO">      "picFullScreen": 0,</msg>
<msg timestamp="20200331 12:43:42.098" level="INFO">      "titleDisplay": 0,</msg>
<msg timestamp="20200331 12:43:42.098" level="INFO">      "pubTimeDisplay": 0,</msg>
<msg timestamp="20200331 12:43:42.098" level="INFO">      "shareClosed": 0,</msg>
<msg timestamp="20200331 12:43:42.098" level="INFO">      "shareContent": "",</msg>
<msg timestamp="20200331 12:43:42.098" level="INFO">      "shareTitle": "",</msg>
<msg timestamp="20200331 12:43:42.098" level="INFO">      "sharePicUrl": "",</msg>
<msg timestamp="20200331 12:43:42.098" level="INFO">      "customShare": 0,</msg>
<msg timestamp="20200331 12:43:42.098" level="INFO">      "listTitle": "",</msg>
<msg timestamp="20200331 12:43:42.098" level="INFO">      "praiseType": 0,</msg>
<msg timestamp="20200331 12:43:42.098" level="INFO">      "isrecommend": 0,</msg>
<msg timestamp="20200331 12:43:42.098" level="INFO">      "subTitle": "",</msg>
<msg timestamp="20200331 12:43:42.098" level="INFO">      "leadTitle": "",</msg>
<msg timestamp="20200331 12:43:42.098" level="INFO">      "picurl": "",</msg>
<msg timestamp="20200331 12:43:42.099" level="INFO">      "ext_sharepic": "",</msg>
<msg timestamp="20200331 12:43:42.099" level="INFO">      "keylist": "",</msg>
<msg timestamp="20200331 12:43:42.099" level="INFO">      "sectionids": "25",</msg>
<msg timestamp="20200331 12:43:42.099" level="INFO">      "newstype": 0,</msg>
<msg timestamp="20200331 12:43:42.099" level="INFO">      "collectcount": 0,</msg>
<msg timestamp="20200331 12:43:42.099" level="INFO">      "edittername": "张逢琦",</msg>
<msg timestamp="20200331 12:43:42.099" level="INFO">      "iorder": "-37110101.9001233000",</msg>
<msg timestamp="20200331 12:43:42.099" level="INFO">      "picauthor": "",</msg>
<msg timestamp="20200331 12:43:42.099" level="INFO">      "picauthorid": "",</msg>
<msg timestamp="20200331 12:43:42.099" level="INFO">      "videoauthor": "",</msg>
<msg timestamp="20200331 12:43:42.099" level="INFO">      "videoauthorid": "",</msg>
<msg timestamp="20200331 12:43:42.099" level="INFO">      "bigPic": "",</msg>
<msg timestamp="20200331 12:43:42.099" level="INFO">      "pic_list": [</msg>
<msg timestamp="20200331 12:43:42.099" level="INFO">        "",</msg>
<msg timestamp="20200331 12:43:42.099" level="INFO">        "",</msg>
<msg timestamp="20200331 12:43:42.099" level="INFO">        ""</msg>
<msg timestamp="20200331 12:43:42.099" level="INFO">      ],</msg>
<msg timestamp="20200331 12:43:42.099" level="INFO">      "pic_list_title": [],</msg>
<msg timestamp="20200331 12:43:42.099" level="INFO">      "emojiID": "",</msg>
<msg timestamp="20200331 12:43:42.099" level="INFO">      "copyright": "0",</msg>
<msg timestamp="20200331 12:43:42.099" level="INFO">      "pic": [],</msg>
<msg timestamp="20200331 12:43:42.099" level="INFO">      "picCount": "0",</msg>
<msg timestamp="20200331 12:43:42.099" level="INFO">      "content": "测试2",</msg>
<msg timestamp="20200331 12:43:42.099" level="INFO">      "isTop": false,</msg>
<msg timestamp="20200331 12:43:42.099" level="INFO">      "position": 0</msg>
<msg timestamp="20200331 12:43:42.099" level="INFO">    }</msg>
<msg timestamp="20200331 12:43:42.099" level="INFO">  ]</msg>
<msg timestamp="20200331 12:43:42.099" level="INFO">}</msg>
<msg timestamp="20200331 12:43:42.099" level="INFO">/Library/Frameworks/Python.framework/Versions/3.8/lib/python3.8/site-packages/urllib3/connectionpool.py:997: InsecureRequestWarning: Unverified HTTPS request is being made to host 'api1.fjdaily.com'. Adding certificate verification is strongly advised. See: https://urllib3.readthedocs.io/en/latest/advanced-usage.html#ssl-warnings
  warnings.warn(</msg>
<status status="PASS" starttime="20200331 12:43:40.045" endtime="20200331 12:43:42.099"></status>
</kw>
<kw name="Fapi Data To Object" library="FATL.FapiKeywords">
<doc>Convert Fapi response content to python object</doc>
<assign>
<var>${data}</var>
</assign>
<msg timestamp="20200331 12:43:42.100" level="INFO">${data} = [&lt;FATL.Json2Object.Dict2Object object at 0x10a60ca30&gt;, &lt;FATL.Json2Object.Dict2Object object at 0x10a60c850&gt;, &lt;FATL.Json2Object.Dict2Object object at 0x10a60c7c0&gt;, &lt;FATL.Json2Object.Dict2Object object ...</msg>
<status status="PASS" starttime="20200331 12:43:42.099" endtime="20200331 12:43:42.100"></status>
</kw>
<kw name="Set Suite Variable" library="BuiltIn">
<doc>Makes a variable available everywhere within the scope of the current suite.</doc>
<arguments>
<arg>${response_data}</arg>
<arg>${data}</arg>
</arguments>
<msg timestamp="20200331 12:43:42.100" level="INFO">${response_data} = [&lt;FATL.Json2Object.Dict2Object object at 0x10a60ca30&gt;, &lt;FATL.Json2Object.Dict2Object object at 0x10a60c850&gt;, &lt;FATL.Json2Object.Dict2Object object at 0x10a60c7c0&gt;, &lt;FATL.Json2Object.Dict2Object object ...</msg>
<status status="PASS" starttime="20200331 12:43:42.100" endtime="20200331 12:43:42.100"></status>
</kw>
<status status="PASS" starttime="20200331 12:43:40.044" endtime="20200331 12:43:42.101"></status>
</kw>
<kw name="Should Be Equal As Strings" library="BuiltIn">
<doc>Fails if objects are unequal after converting them to strings.</doc>
<arguments>
<arg>${response_data}</arg>
<arg>${RESULT1}</arg>
</arguments>
<msg timestamp="20200331 12:43:42.101" level="INFO">Argument types are:
&lt;class 'list'&gt;
&lt;type 'unicode'&gt;</msg>
<msg timestamp="20200331 12:43:42.101" level="FAIL">[&lt;FATL.Json2Object.Dict2Object object at 0x10a60ca30&gt;, &lt;FATL.Json2Object.Dict2Object object at 0x10a60c850&gt;, &lt;FATL.Json2Object.Dict2Object object at 0x10a60c7c0&gt;, &lt;FATL.Json2Object.Dict2Object object at 0x10a60c970&gt;, &lt;FATL.Json2Object.Dict2Object object at 0x10a60cac0&gt;, &lt;FATL.Json2Object.Dict2Object object at 0x10a60c0a0&gt;, &lt;FATL.Json2Object.Dict2Object object at 0x10a60c190&gt;, &lt;FATL.Json2Object.Dict2Object object at 0x10a60c160&gt;, &lt;FATL.Json2Object.Dict2Object object at 0x10a60c040&gt;, &lt;FATL.Json2Object.Dict2Object object at 0x10a60c250&gt;, &lt;FATL.Json2Object.Dict2Object object at 0x10a60c340&gt;, &lt;FATL.Json2Object.Dict2Object object at 0x10a60c370&gt;, &lt;FATL.Json2Object.Dict2Object object at 0x10a60c700&gt;, &lt;FATL.Json2Object.Dict2Object object at 0x10a60c3a0&gt;, &lt;FATL.Json2Object.Dict2Object object at 0x10a60c5e0&gt;, &lt;FATL.Json2Object.Dict2Object object at 0x10a60c6d0&gt;, &lt;FATL.Json2Object.Dict2Object object at 0x10a60c2e0&gt;, &lt;FATL.Json2Object.Dict2Object object at 0x10a60c580&gt;, &lt;FATL.Json2Object.Dict2Object object at 0x10a60c760&gt;, &lt;FATL.Json2Object.Dict2Object object at 0x10a60c790&gt;] != []</msg>
<status status="FAIL" starttime="20200331 12:43:42.101" endtime="20200331 12:43:42.101"></status>
</kw>
<tags>
<tag>作者：黄羽</tag>
<tag>冒烟集-新福建APP</tag>
<tag>搜索接口/检索某栏目及其子孙栏目的稿件</tag>
</tags>
<status status="FAIL" starttime="20200331 12:43:40.042" endtime="20200331 12:43:42.101" critical="yes">[&lt;FATL.Json2Object.Dict2Object object at 0x10a60ca30&gt;, &lt;FATL.Json2Object.Dict2Object object at 0x10a60c850&gt;, &lt;FATL.Json2Object.Dict2Object object at 0x10a60c7c0&gt;, &lt;FATL.Json2Object.Dict2Object object at 0x10a60c970&gt;, &lt;FATL.Json2Object.Dict2Object object at 0x10a60cac0&gt;, &lt;FATL.Json2Object.Dict2Object object at 0x10a60c0a0&gt;, &lt;FATL.Json2Object.Dict2Object object at 0x10a60c190&gt;, &lt;FATL.Json2Object.Dict2Object object at 0x10a60c160&gt;, &lt;FATL.Json2Object.Dict2Object object at 0x10a60c040&gt;, &lt;FATL.Json2Object.Dict2Object object at 0x10a60c250&gt;, &lt;FATL.Json2Object.Dict2Object object at 0x10a60c340&gt;, &lt;FATL.Json2Object.Dict2Object object at 0x10a60c370&gt;, &lt;FATL.Json2Object.Dict2Object object at 0x10a60c700&gt;, &lt;FATL.Json2Object.Dict2Object object at 0x10a60c3a0&gt;, &lt;FATL.Json2Object.Dict2Object object at 0x10a60c5e0&gt;, &lt;FATL.Json2Object.Dict2Object object at 0x10a60c6d0&gt;, &lt;FATL.Json2Object.Dict2Object object at 0x10a60c2e0&gt;, &lt;FATL.Json2Object.Dict2Object object at 0x10a60c580&gt;, &lt;FATL.Json2Object.Dict2Object object at 0x10a60c760&gt;, &lt;FATL.Json2Object.Dict2Object object at 0x10a60c790&gt;] != []</status>
</test>
<kw name="Fapi Delete All Sessions" library="FATL.FapiKeywords" type="teardown">
<doc>Removes all the session objects</doc>
<msg timestamp="20200331 12:43:42.102" level="INFO">Delete All Sessions</msg>
<status status="PASS" starttime="20200331 12:43:42.102" endtime="20200331 12:43:42.102"></status>
</kw>
<doc>该文档是检索某栏目及其子孙栏目的稿件接口用例文档</doc>
<status status="FAIL" starttime="20200331 12:43:31.387" endtime="20200331 12:43:42.102"></status>
</suite>
<statistics>
<total>
<stat pass="3" fail="1">Critical Tests</stat>
<stat pass="3" fail="1">All Tests</stat>
</total>
<tag>
<stat pass="3" fail="1">作者：黄羽</stat>
<stat pass="3" fail="1">冒烟集-新福建APP</stat>
<stat pass="3" fail="1">搜索接口/检索某栏目及其子孙栏目的稿件</stat>
</tag>
<suite>
<stat pass="3" fail="1" id="s1" name="SearchAll">SearchAll</stat>
</suite>
</statistics>
<errors>
</errors>
</robot>
